mode: set
github.com/y3owk1n/neru/internal/core/domain/action/action.go:26.31,27.11 1 1
github.com/y3owk1n/neru/internal/core/domain/action/action.go:28.21,29.22 1 1
github.com/y3owk1n/neru/internal/core/domain/action/action.go:30.22,31.23 1 1
github.com/y3owk1n/neru/internal/core/domain/action/action.go:32.23,33.24 1 1
github.com/y3owk1n/neru/internal/core/domain/action/action.go:34.21,35.22 1 1
github.com/y3owk1n/neru/internal/core/domain/action/action.go:36.19,37.20 1 1
github.com/y3owk1n/neru/internal/core/domain/action/action.go:38.21,39.22 1 1
github.com/y3owk1n/neru/internal/core/domain/action/action.go:40.18,41.18 1 1
github.com/y3owk1n/neru/internal/core/domain/action/action.go:42.10,43.19 1 1
github.com/y3owk1n/neru/internal/core/domain/action/action.go:48.51,49.22 1 1
github.com/y3owk1n/neru/internal/core/domain/action/action.go:50.20,51.28 1 1
github.com/y3owk1n/neru/internal/core/domain/action/action.go:52.21,53.29 1 1
github.com/y3owk1n/neru/internal/core/domain/action/action.go:54.22,55.30 1 1
github.com/y3owk1n/neru/internal/core/domain/action/action.go:56.20,57.28 1 1
github.com/y3owk1n/neru/internal/core/domain/action/action.go:58.18,59.26 1 1
github.com/y3owk1n/neru/internal/core/domain/action/action.go:60.20,61.28 1 1
github.com/y3owk1n/neru/internal/core/domain/action/action.go:62.16,63.25 1 1
github.com/y3owk1n/neru/internal/core/domain/action/action.go:64.10,65.92 1 1
github.com/y3owk1n/neru/internal/core/domain/action/action.go:70.30,72.2 1 1
github.com/y3owk1n/neru/internal/core/domain/action/action.go:75.36,78.2 1 1
github.com/y3owk1n/neru/internal/core/domain/action/action.go:81.24,91.2 1 1
github.com/y3owk1n/neru/internal/config/config.go:173.35,175.16 2 0
github.com/y3owk1n/neru/internal/config/config.go:175.16,177.3 1 0
github.com/y3owk1n/neru/internal/config/config.go:180.2,181.16 2 0
github.com/y3owk1n/neru/internal/config/config.go:181.16,183.3 1 0
github.com/y3owk1n/neru/internal/config/config.go:185.2,186.16 2 0
github.com/y3owk1n/neru/internal/config/config.go:186.16,188.3 1 0
github.com/y3owk1n/neru/internal/config/config.go:190.2,191.16 2 0
github.com/y3owk1n/neru/internal/config/config.go:191.16,193.3 1 0
github.com/y3owk1n/neru/internal/config/config.go:196.2,197.16 2 0
github.com/y3owk1n/neru/internal/config/config.go:197.16,199.3 1 0
github.com/y3owk1n/neru/internal/config/config.go:202.2,203.16 2 0
github.com/y3owk1n/neru/internal/config/config.go:203.16,205.3 1 0
github.com/y3owk1n/neru/internal/config/config.go:208.2,209.16 2 0
github.com/y3owk1n/neru/internal/config/config.go:209.16,211.3 1 0
github.com/y3owk1n/neru/internal/config/config.go:214.2,215.16 2 0
github.com/y3owk1n/neru/internal/config/config.go:215.16,217.3 1 0
github.com/y3owk1n/neru/internal/config/config.go:219.2,219.12 1 0
github.com/y3owk1n/neru/internal/config/config.go:223.42,228.21 3 0
github.com/y3owk1n/neru/internal/config/config.go:228.21,234.3 1 0
github.com/y3owk1n/neru/internal/config/config.go:237.2,240.20 3 0
github.com/y3owk1n/neru/internal/config/config.go:240.20,242.3 1 0
github.com/y3owk1n/neru/internal/config/config.go:244.2,244.15 1 0
github.com/y3owk1n/neru/internal/config/config.go:244.15,246.37 2 0
github.com/y3owk1n/neru/internal/config/config.go:246.37,248.4 1 0
github.com/y3owk1n/neru/internal/config/config.go:252.2,255.22 3 0
github.com/y3owk1n/neru/internal/config/config.go:255.22,257.3 1 0
github.com/y3owk1n/neru/internal/config/config.go:259.2,259.17 1 0
github.com/y3owk1n/neru/internal/config/config.go:263.54,264.20 1 1
github.com/y3owk1n/neru/internal/config/config.go:264.20,266.3 1 1
github.com/y3owk1n/neru/internal/config/config.go:269.2,271.53 2 1
github.com/y3owk1n/neru/internal/config/config.go:271.53,273.30 2 1
github.com/y3owk1n/neru/internal/config/config.go:273.30,275.4 1 1
github.com/y3owk1n/neru/internal/config/config.go:278.2,278.14 1 1
github.com/y3owk1n/neru/internal/config/config.go:282.65,286.2 2 1
github.com/y3owk1n/neru/internal/config/config.go:290.73,292.31 1 1
github.com/y3owk1n/neru/internal/config/config.go:292.31,293.34 1 1
github.com/y3owk1n/neru/internal/config/config.go:293.34,294.49 1 1
github.com/y3owk1n/neru/internal/config/config.go:294.49,295.39 1 1
github.com/y3owk1n/neru/internal/config/config.go:295.39,297.6 1 1
github.com/y3owk1n/neru/internal/config/config.go:303.2,303.37 1 1
github.com/y3owk1n/neru/internal/config/config.go:307.69,311.46 2 1
github.com/y3owk1n/neru/internal/config/config.go:311.46,313.20 2 1
github.com/y3owk1n/neru/internal/config/config.go:313.20,315.4 1 1
github.com/y3owk1n/neru/internal/config/config.go:319.2,319.47 1 1
github.com/y3owk1n/neru/internal/config/config.go:319.47,320.37 1 1
github.com/y3owk1n/neru/internal/config/config.go:320.37,321.55 1 1
github.com/y3owk1n/neru/internal/config/config.go:321.55,323.22 2 1
github.com/y3owk1n/neru/internal/config/config.go:323.22,325.6 1 1
github.com/y3owk1n/neru/internal/config/config.go:328.4,328.9 1 1
github.com/y3owk1n/neru/internal/config/config.go:333.2,333.33 1 1
github.com/y3owk1n/neru/internal/config/config.go:333.33,335.3 1 1
github.com/y3owk1n/neru/internal/config/config.go:337.2,337.30 1 1
github.com/y3owk1n/neru/internal/config/config.go:337.30,339.3 1 1
github.com/y3owk1n/neru/internal/config/config.go:341.2,341.17 1 1
github.com/y3owk1n/neru/internal/config/config.go:345.61,347.29 2 1
github.com/y3owk1n/neru/internal/config/config.go:347.29,349.3 1 1
github.com/y3owk1n/neru/internal/config/config.go:351.2,351.14 1 1
github.com/y3owk1n/neru/internal/config/config.go:355.40,356.41 1 0
github.com/y3owk1n/neru/internal/config/config.go:356.41,361.3 1 0
github.com/y3owk1n/neru/internal/config/config.go:363.2,363.12 1 0
github.com/y3owk1n/neru/internal/config/config.go:367.42,374.41 2 0
github.com/y3owk1n/neru/internal/config/config.go:374.41,379.3 1 0
github.com/y3owk1n/neru/internal/config/config.go:381.2,381.12 1 0
github.com/y3owk1n/neru/internal/config/config.go:385.71,386.21 1 0
github.com/y3owk1n/neru/internal/config/config.go:386.21,391.3 1 0
github.com/y3owk1n/neru/internal/config/config.go:393.2,393.12 1 0
github.com/y3owk1n/neru/internal/config/config.go:397.41,399.16 2 0
github.com/y3owk1n/neru/internal/config/config.go:399.16,401.3 1 0
github.com/y3owk1n/neru/internal/config/config.go:403.2,404.16 2 0
github.com/y3owk1n/neru/internal/config/config.go:404.16,406.3 1 0
github.com/y3owk1n/neru/internal/config/config.go:408.2,409.16 2 0
github.com/y3owk1n/neru/internal/config/config.go:409.16,411.3 1 0
github.com/y3owk1n/neru/internal/config/config.go:413.2,413.12 1 0
github.com/y3owk1n/neru/internal/config/config_defaults.go:157.30,285.2 1 1
github.com/y3owk1n/neru/internal/config/config_loading.go:16.50,22.16 2 0
github.com/y3owk1n/neru/internal/config/config_loading.go:22.16,24.3 1 0
github.com/y3owk1n/neru/internal/config/config_loading.go:26.2,29.28 3 0
github.com/y3owk1n/neru/internal/config/config_loading.go:29.28,33.3 2 0
github.com/y3owk1n/neru/internal/config/config_loading.go:35.2,36.22 2 0
github.com/y3owk1n/neru/internal/config/config_loading.go:36.22,45.3 3 0
github.com/y3owk1n/neru/internal/config/config_loading.go:47.2,50.29 3 0
github.com/y3owk1n/neru/internal/config/config_loading.go:50.29,51.36 1 0
github.com/y3owk1n/neru/internal/config/config_loading.go:51.36,52.20 1 0
github.com/y3owk1n/neru/internal/config/config_loading.go:52.20,55.5 1 0
github.com/y3owk1n/neru/internal/config/config_loading.go:57.4,57.32 1 0
github.com/y3owk1n/neru/internal/config/config_loading.go:57.32,59.12 2 0
github.com/y3owk1n/neru/internal/config/config_loading.go:59.12,68.6 3 0
github.com/y3owk1n/neru/internal/config/config_loading.go:70.5,70.52 1 0
github.com/y3owk1n/neru/internal/config/config_loading.go:75.2,76.24 2 0
github.com/y3owk1n/neru/internal/config/config_loading.go:76.24,85.3 3 0
github.com/y3owk1n/neru/internal/config/config_loading.go:87.2,89.21 2 0
github.com/y3owk1n/neru/internal/config/config_loading.go:94.30,96.64 1 1
github.com/y3owk1n/neru/internal/config/config_loading.go:96.64,100.17 3 0
github.com/y3owk1n/neru/internal/config/config_loading.go:100.17,102.4 1 0
github.com/y3owk1n/neru/internal/config/config_loading.go:106.2,107.20 2 1
github.com/y3owk1n/neru/internal/config/config_loading.go:107.20,112.17 3 1
github.com/y3owk1n/neru/internal/config/config_loading.go:112.17,114.4 1 0
github.com/y3owk1n/neru/internal/config/config_loading.go:117.3,120.17 3 1
github.com/y3owk1n/neru/internal/config/config_loading.go:120.17,122.4 1 0
github.com/y3owk1n/neru/internal/config/config_loading.go:126.2,127.16 2 1
github.com/y3owk1n/neru/internal/config/config_loading.go:127.16,129.3 1 0
github.com/y3owk1n/neru/internal/config/config_loading.go:132.2,133.16 2 1
github.com/y3owk1n/neru/internal/config/config_loading.go:133.16,135.3 1 0
github.com/y3owk1n/neru/internal/config/config_loading.go:137.2,137.11 1 1
github.com/y3owk1n/neru/internal/config/global.go:12.29,17.2 3 0
github.com/y3owk1n/neru/internal/config/global.go:21.23,26.2 3 0
github.com/y3owk1n/neru/internal/config/service.go:20.52,25.2 1 1
github.com/y3owk1n/neru/internal/config/service.go:28.33,33.2 3 1
github.com/y3owk1n/neru/internal/config/service.go:36.33,41.2 3 1
github.com/y3owk1n/neru/internal/config/service.go:44.42,46.2 1 0
github.com/y3owk1n/neru/internal/config/service.go:49.66,53.41 2 0
github.com/y3owk1n/neru/internal/config/service.go:53.41,56.3 1 0
github.com/y3owk1n/neru/internal/config/service.go:59.2,67.35 7 0
github.com/y3owk1n/neru/internal/config/service.go:67.35,68.10 1 0
github.com/y3owk1n/neru/internal/config/service.go:69.39,69.39 0 0
github.com/y3owk1n/neru/internal/config/service.go:70.21,71.85 1 0
github.com/y3owk1n/neru/internal/config/service.go:72.11,72.11 0 0
github.com/y3owk1n/neru/internal/config/service.go:77.2,77.12 1 0
github.com/y3owk1n/neru/internal/config/service.go:81.51,83.2 1 0
github.com/y3owk1n/neru/internal/config/service.go:87.61,98.12 6 1
github.com/y3owk1n/neru/internal/config/service.go:98.12,105.32 4 1
github.com/y3owk1n/neru/internal/config/service.go:105.32,106.20 1 1
github.com/y3owk1n/neru/internal/config/service.go:106.20,109.10 2 1
github.com/y3owk1n/neru/internal/config/service.go:113.3,113.17 1 1
github.com/y3owk1n/neru/internal/config/service.go:116.2,116.16 1 1
github.com/y3owk1n/neru/internal/config/service.go:120.50,121.19 1 1
github.com/y3owk1n/neru/internal/config/service.go:121.19,123.3 1 1
github.com/y3owk1n/neru/internal/config/service.go:126.2,126.26 1 1
github.com/y3owk1n/neru/internal/config/service.go:126.26,127.61 1 1
github.com/y3owk1n/neru/internal/config/service.go:127.61,131.4 1 1
github.com/y3owk1n/neru/internal/config/service.go:133.3,133.44 1 1
github.com/y3owk1n/neru/internal/config/service.go:133.44,136.4 1 1
github.com/y3owk1n/neru/internal/config/service.go:140.2,140.25 1 1
github.com/y3owk1n/neru/internal/config/service.go:140.25,141.56 1 1
github.com/y3owk1n/neru/internal/config/service.go:141.56,145.4 1 1
github.com/y3owk1n/neru/internal/config/service.go:148.2,148.12 1 1
github.com/y3owk1n/neru/internal/config/service.go:152.48,154.24 2 1
github.com/y3owk1n/neru/internal/config/service.go:154.24,156.3 1 1
github.com/y3owk1n/neru/internal/config/service.go:158.2,165.35 6 1
github.com/y3owk1n/neru/internal/config/service.go:165.35,166.10 1 1
github.com/y3owk1n/neru/internal/config/service.go:167.26,167.26 0 1
github.com/y3owk1n/neru/internal/config/service.go:168.11,168.11 0 0
github.com/y3owk1n/neru/internal/config/service.go:173.2,173.12 1 1
github.com/y3owk1n/neru/internal/config/validators.go:11.40,14.53 2 1
github.com/y3owk1n/neru/internal/config/validators.go:14.53,16.3 1 1
github.com/y3owk1n/neru/internal/config/validators.go:18.2,18.55 1 1
github.com/y3owk1n/neru/internal/config/validators.go:18.55,23.3 1 1
github.com/y3owk1n/neru/internal/config/validators.go:25.2,25.48 1 1
github.com/y3owk1n/neru/internal/config/validators.go:25.48,27.3 1 1
github.com/y3owk1n/neru/internal/config/validators.go:29.2,30.24 2 1
github.com/y3owk1n/neru/internal/config/validators.go:30.24,32.3 1 1
github.com/y3owk1n/neru/internal/config/validators.go:34.2,35.24 2 1
github.com/y3owk1n/neru/internal/config/validators.go:35.24,37.3 1 1
github.com/y3owk1n/neru/internal/config/validators.go:39.2,40.24 2 1
github.com/y3owk1n/neru/internal/config/validators.go:40.24,42.3 1 1
github.com/y3owk1n/neru/internal/config/validators.go:44.2,45.24 2 1
github.com/y3owk1n/neru/internal/config/validators.go:45.24,47.3 1 1
github.com/y3owk1n/neru/internal/config/validators.go:49.2,49.51 1 1
github.com/y3owk1n/neru/internal/config/validators.go:49.51,51.3 1 1
github.com/y3owk1n/neru/internal/config/validators.go:53.2,53.30 1 1
github.com/y3owk1n/neru/internal/config/validators.go:53.30,55.3 1 1
github.com/y3owk1n/neru/internal/config/validators.go:57.2,57.25 1 1
github.com/y3owk1n/neru/internal/config/validators.go:57.25,59.3 1 1
github.com/y3owk1n/neru/internal/config/validators.go:61.2,61.29 1 1
github.com/y3owk1n/neru/internal/config/validators.go:61.29,63.3 1 1
github.com/y3owk1n/neru/internal/config/validators.go:65.2,65.46 1 1
github.com/y3owk1n/neru/internal/config/validators.go:65.46,66.36 1 1
github.com/y3owk1n/neru/internal/config/validators.go:66.36,71.4 1 1
github.com/y3owk1n/neru/internal/config/validators.go:74.2,74.79 1 1
github.com/y3owk1n/neru/internal/config/validators.go:74.79,75.38 1 1
github.com/y3owk1n/neru/internal/config/validators.go:75.38,80.4 1 1
github.com/y3owk1n/neru/internal/config/validators.go:83.2,83.79 1 1
github.com/y3owk1n/neru/internal/config/validators.go:83.79,84.38 1 1
github.com/y3owk1n/neru/internal/config/validators.go:84.38,89.4 1 1
github.com/y3owk1n/neru/internal/config/validators.go:92.2,92.78 1 1
github.com/y3owk1n/neru/internal/config/validators.go:92.78,93.38 1 1
github.com/y3owk1n/neru/internal/config/validators.go:93.38,98.4 1 1
github.com/y3owk1n/neru/internal/config/validators.go:101.2,101.12 1 1
github.com/y3owk1n/neru/internal/config/validators.go:105.45,108.51 2 1
github.com/y3owk1n/neru/internal/config/validators.go:108.51,109.50 1 1
github.com/y3owk1n/neru/internal/config/validators.go:109.50,115.4 1 1
github.com/y3owk1n/neru/internal/config/validators.go:117.3,117.54 1 1
github.com/y3owk1n/neru/internal/config/validators.go:117.54,118.37 1 1
github.com/y3owk1n/neru/internal/config/validators.go:118.37,124.5 1 1
github.com/y3owk1n/neru/internal/config/validators.go:129.2,129.45 1 1
github.com/y3owk1n/neru/internal/config/validators.go:129.45,130.35 1 1
github.com/y3owk1n/neru/internal/config/validators.go:130.35,135.4 1 1
github.com/y3owk1n/neru/internal/config/validators.go:137.3,138.25 2 1
github.com/y3owk1n/neru/internal/config/validators.go:138.25,140.4 1 1
github.com/y3owk1n/neru/internal/config/validators.go:142.3,142.37 1 1
github.com/y3owk1n/neru/internal/config/validators.go:142.37,148.4 1 1
github.com/y3owk1n/neru/internal/config/validators.go:151.2,151.12 1 1
github.com/y3owk1n/neru/internal/config/validators.go:155.39,158.48 2 1
github.com/y3owk1n/neru/internal/config/validators.go:158.48,160.3 1 1
github.com/y3owk1n/neru/internal/config/validators.go:162.2,162.50 1 1
github.com/y3owk1n/neru/internal/config/validators.go:162.50,167.3 1 1
github.com/y3owk1n/neru/internal/config/validators.go:169.2,169.49 1 1
github.com/y3owk1n/neru/internal/config/validators.go:169.49,171.3 1 1
github.com/y3owk1n/neru/internal/config/validators.go:173.2,173.28 1 1
github.com/y3owk1n/neru/internal/config/validators.go:173.28,175.3 1 1
github.com/y3owk1n/neru/internal/config/validators.go:177.2,177.46 1 1
github.com/y3owk1n/neru/internal/config/validators.go:177.46,179.3 1 1
github.com/y3owk1n/neru/internal/config/validators.go:182.2,183.24 2 1
github.com/y3owk1n/neru/internal/config/validators.go:183.24,185.3 1 0
github.com/y3owk1n/neru/internal/config/validators.go:187.2,188.24 2 1
github.com/y3owk1n/neru/internal/config/validators.go:188.24,190.3 1 0
github.com/y3owk1n/neru/internal/config/validators.go:192.2,193.24 2 1
github.com/y3owk1n/neru/internal/config/validators.go:193.24,195.3 1 0
github.com/y3owk1n/neru/internal/config/validators.go:197.2,198.24 2 1
github.com/y3owk1n/neru/internal/config/validators.go:198.24,200.3 1 0
github.com/y3owk1n/neru/internal/config/validators.go:202.2,203.24 2 1
github.com/y3owk1n/neru/internal/config/validators.go:203.24,205.3 1 0
github.com/y3owk1n/neru/internal/config/validators.go:207.2,208.24 2 1
github.com/y3owk1n/neru/internal/config/validators.go:208.24,210.3 1 0
github.com/y3owk1n/neru/internal/config/validators.go:213.2,214.16 2 1
github.com/y3owk1n/neru/internal/config/validators.go:214.16,216.3 1 0
github.com/y3owk1n/neru/internal/config/validators.go:218.2,219.34 2 1
github.com/y3owk1n/neru/internal/config/validators.go:219.34,225.3 1 1
github.com/y3owk1n/neru/internal/config/validators.go:227.2,227.12 1 1
github.com/y3owk1n/neru/internal/config/validators.go:231.41,234.33 2 1
github.com/y3owk1n/neru/internal/config/validators.go:234.33,236.3 1 1
github.com/y3owk1n/neru/internal/config/validators.go:238.2,239.24 2 1
github.com/y3owk1n/neru/internal/config/validators.go:239.24,241.3 1 1
github.com/y3owk1n/neru/internal/config/validators.go:243.2,243.12 1 1
github.com/y3owk1n/neru/internal/config/validators.go:247.47,248.30 1 1
github.com/y3owk1n/neru/internal/config/validators.go:248.30,250.3 1 1
github.com/y3owk1n/neru/internal/config/validators.go:252.2,252.30 1 1
github.com/y3owk1n/neru/internal/config/validators.go:252.30,254.3 1 1
github.com/y3owk1n/neru/internal/config/validators.go:256.2,256.12 1 1
github.com/y3owk1n/neru/internal/config/validators.go:260.53,261.37 1 1
github.com/y3owk1n/neru/internal/config/validators.go:261.37,263.3 1 1
github.com/y3owk1n/neru/internal/config/validators.go:269.2,270.21 2 1
github.com/y3owk1n/neru/internal/config/validators.go:270.21,277.3 1 0
github.com/y3owk1n/neru/internal/config/validators.go:279.2,288.42 2 1
github.com/y3owk1n/neru/internal/config/validators.go:288.42,290.32 2 1
github.com/y3owk1n/neru/internal/config/validators.go:290.32,298.4 1 1
github.com/y3owk1n/neru/internal/config/validators.go:302.2,303.22 2 1
github.com/y3owk1n/neru/internal/config/validators.go:303.22,305.3 1 1
github.com/y3owk1n/neru/internal/config/validators.go:307.2,307.12 1 1
github.com/y3owk1n/neru/internal/config/validators.go:311.51,312.36 1 1
github.com/y3owk1n/neru/internal/config/validators.go:312.36,314.3 1 1
github.com/y3owk1n/neru/internal/config/validators.go:317.2,319.39 2 1
github.com/y3owk1n/neru/internal/config/validators.go:319.39,326.3 1 1
github.com/y3owk1n/neru/internal/config/validators.go:328.2,328.12 1 1
github.com/y3owk1n/neru/internal/app/services/action_service.go:30.18,37.2 1 1
github.com/y3owk1n/neru/internal/app/services/action_service.go:44.9,51.29 3 1
github.com/y3owk1n/neru/internal/app/services/action_service.go:51.29,57.3 2 1
github.com/y3owk1n/neru/internal/app/services/action_service.go:59.2,62.12 2 1
github.com/y3owk1n/neru/internal/app/services/action_service.go:71.9,74.26 2 1
github.com/y3owk1n/neru/internal/app/services/action_service.go:74.26,76.3 1 1
github.com/y3owk1n/neru/internal/app/services/action_service.go:78.2,84.29 3 1
github.com/y3owk1n/neru/internal/app/services/action_service.go:84.29,94.3 2 1
github.com/y3owk1n/neru/internal/app/services/action_service.go:96.2,96.12 1 1
github.com/y3owk1n/neru/internal/app/services/action_service.go:100.81,102.24 2 1
github.com/y3owk1n/neru/internal/app/services/action_service.go:102.24,108.3 1 0
github.com/y3owk1n/neru/internal/app/services/action_service.go:110.2,111.16 2 1
github.com/y3owk1n/neru/internal/app/services/action_service.go:111.16,113.3 1 1
github.com/y3owk1n/neru/internal/app/services/action_service.go:115.2,115.24 1 1
github.com/y3owk1n/neru/internal/app/services/action_service.go:119.81,121.2 1 1
github.com/y3owk1n/neru/internal/app/services/action_service.go:124.72,127.28 2 1
github.com/y3owk1n/neru/internal/app/services/action_service.go:127.28,133.3 1 1
github.com/y3owk1n/neru/internal/app/services/action_service.go:136.2,142.35 2 1
github.com/y3owk1n/neru/internal/app/services/action_service.go:142.35,148.3 1 0
github.com/y3owk1n/neru/internal/app/services/action_service.go:150.2,152.12 2 1
github.com/y3owk1n/neru/internal/app/services/action_service.go:159.9,163.2 2 1
github.com/y3owk1n/neru/internal/app/services/action_service.go:166.89,168.2 1 1
github.com/y3owk1n/neru/internal/app/services/action_service.go:171.82,173.2 1 1
github.com/y3owk1n/neru/internal/app/services/action_service.go:177.92,179.25 2 1
github.com/y3owk1n/neru/internal/app/services/action_service.go:179.25,183.3 2 1
github.com/y3owk1n/neru/internal/app/services/action_service.go:185.2,186.9 2 1
github.com/y3owk1n/neru/internal/app/services/action_service.go:186.9,192.3 2 1
github.com/y3owk1n/neru/internal/app/services/action_service.go:194.2,200.29 3 1
github.com/y3owk1n/neru/internal/app/services/action_service.go:200.29,202.3 1 0
github.com/y3owk1n/neru/internal/app/services/action_service.go:204.2,204.13 1 1
github.com/y3owk1n/neru/internal/app/services/action_service.go:208.77,209.13 1 1
github.com/y3owk1n/neru/internal/app/services/action_service.go:210.29,211.64 1 1
github.com/y3owk1n/neru/internal/app/services/action_service.go:212.30,213.66 1 1
github.com/y3owk1n/neru/internal/app/services/action_service.go:214.31,215.68 1 0
github.com/y3owk1n/neru/internal/app/services/action_service.go:216.29,217.64 1 0
github.com/y3owk1n/neru/internal/app/services/action_service.go:218.27,219.60 1 0
github.com/y3owk1n/neru/internal/app/services/action_service.go:220.10,221.23 1 1
github.com/y3owk1n/neru/internal/app/services/grid_service.go:18.81,23.2 1 1
github.com/y3owk1n/neru/internal/app/services/grid_service.go:26.59,31.24 3 1
github.com/y3owk1n/neru/internal/app/services/grid_service.go:31.24,35.3 2 1
github.com/y3owk1n/neru/internal/app/services/grid_service.go:37.2,39.12 2 1
github.com/y3owk1n/neru/internal/app/services/grid_service.go:43.59,47.24 3 1
github.com/y3owk1n/neru/internal/app/services/grid_service.go:47.24,51.3 2 1
github.com/y3owk1n/neru/internal/app/services/grid_service.go:53.2,53.12 1 1
github.com/y3owk1n/neru/internal/app/services/hint_service.go:30.16,38.2 1 1
github.com/y3owk1n/neru/internal/app/services/hint_service.go:43.30,56.24 8 1
github.com/y3owk1n/neru/internal/app/services/hint_service.go:56.24,64.3 2 1
github.com/y3owk1n/neru/internal/app/services/hint_service.go:66.2,66.24 1 1
github.com/y3owk1n/neru/internal/app/services/hint_service.go:66.24,70.3 2 1
github.com/y3owk1n/neru/internal/app/services/hint_service.go:72.2,76.24 3 1
github.com/y3owk1n/neru/internal/app/services/hint_service.go:76.24,84.3 2 0
github.com/y3owk1n/neru/internal/app/services/hint_service.go:86.2,90.25 3 1
github.com/y3owk1n/neru/internal/app/services/hint_service.go:90.25,94.3 2 0
github.com/y3owk1n/neru/internal/app/services/hint_service.go:96.2,98.19 2 1
github.com/y3owk1n/neru/internal/app/services/hint_service.go:102.60,106.27 3 1
github.com/y3owk1n/neru/internal/app/services/hint_service.go:106.27,110.3 2 1
github.com/y3owk1n/neru/internal/app/services/hint_service.go:112.2,114.12 2 1
github.com/y3owk1n/neru/internal/app/services/hint_service.go:118.63,121.28 2 1
github.com/y3owk1n/neru/internal/app/services/hint_service.go:121.28,125.3 2 1
github.com/y3owk1n/neru/internal/app/services/hint_service.go:127.2,128.30 2 1
github.com/y3owk1n/neru/internal/app/services/hint_service.go:128.30,136.3 2 1
github.com/y3owk1n/neru/internal/app/services/hint_service.go:138.2,140.12 2 1
github.com/y3owk1n/neru/internal/app/services/hint_service.go:145.84,146.22 1 1
github.com/y3owk1n/neru/internal/app/services/hint_service.go:146.22,150.3 2 1
github.com/y3owk1n/neru/internal/app/services/hint_service.go:152.2,153.41 2 1
github.com/y3owk1n/neru/internal/app/services/hint_service.go:157.68,162.2 1 1
github.com/y3owk1n/neru/internal/app/services/scroll_service.go:52.18,59.2 1 1
github.com/y3owk1n/neru/internal/app/services/scroll_service.go:66.9,76.22 4 1
github.com/y3owk1n/neru/internal/app/services/scroll_service.go:76.22,78.3 1 1
github.com/y3owk1n/neru/internal/app/services/scroll_service.go:80.2,80.12 1 1
github.com/y3owk1n/neru/internal/app/services/scroll_service.go:84.57,87.28 2 1
github.com/y3owk1n/neru/internal/app/services/scroll_service.go:87.28,93.3 1 1
github.com/y3owk1n/neru/internal/app/services/scroll_service.go:96.2,102.35 2 1
github.com/y3owk1n/neru/internal/app/services/scroll_service.go:102.35,108.3 1 1
github.com/y3owk1n/neru/internal/app/services/scroll_service.go:110.2,110.12 1 1
github.com/y3owk1n/neru/internal/app/services/scroll_service.go:114.57,116.27 2 1
github.com/y3owk1n/neru/internal/app/services/scroll_service.go:116.27,118.3 1 1
github.com/y3owk1n/neru/internal/app/services/scroll_service.go:120.2,120.12 1 1
github.com/y3owk1n/neru/internal/app/services/scroll_service.go:125.85,130.2 2 1
github.com/y3owk1n/neru/internal/app/services/scroll_service.go:133.99,139.16 2 1
github.com/y3owk1n/neru/internal/app/services/scroll_service.go:140.24,141.35 1 1
github.com/y3owk1n/neru/internal/app/services/scroll_service.go:142.28,143.39 1 1
github.com/y3owk1n/neru/internal/app/services/scroll_service.go:144.23,145.39 1 0
github.com/y3owk1n/neru/internal/app/services/scroll_service.go:148.2,148.19 1 1
github.com/y3owk1n/neru/internal/app/services/scroll_service.go:149.25,150.22 1 1
github.com/y3owk1n/neru/internal/app/services/scroll_service.go:151.27,152.23 1 1
github.com/y3owk1n/neru/internal/app/services/scroll_service.go:153.27,154.22 1 1
github.com/y3owk1n/neru/internal/app/services/scroll_service.go:155.28,156.23 1 1
github.com/y3owk1n/neru/internal/app/services/scroll_service.go:159.2,159.23 1 1
github.com/y3owk1n/neru/internal/cli/action.go:12.51,14.3 1 0
github.com/y3owk1n/neru/internal/cli/action.go:21.52,23.3 1 0
github.com/y3owk1n/neru/internal/cli/action.go:24.49,30.3 4 0
github.com/y3owk1n/neru/internal/cli/action.go:37.52,39.3 1 0
github.com/y3owk1n/neru/internal/cli/action.go:40.49,46.3 4 0
github.com/y3owk1n/neru/internal/cli/action.go:53.52,55.3 1 0
github.com/y3owk1n/neru/internal/cli/action.go:56.49,62.3 4 0
github.com/y3owk1n/neru/internal/cli/action.go:69.52,71.3 1 0
github.com/y3owk1n/neru/internal/cli/action.go:72.49,78.3 4 0
github.com/y3owk1n/neru/internal/cli/action.go:85.52,87.3 1 0
github.com/y3owk1n/neru/internal/cli/action.go:88.49,94.3 4 0
github.com/y3owk1n/neru/internal/cli/action.go:101.52,103.3 1 0
github.com/y3owk1n/neru/internal/cli/action.go:104.49,110.3 4 0
github.com/y3owk1n/neru/internal/cli/action.go:113.13,122.2 7 1
github.com/y3owk1n/neru/internal/cli/config.go:24.52,26.3 1 0
github.com/y3owk1n/neru/internal/cli/config.go:27.51,31.28 4 0
github.com/y3owk1n/neru/internal/cli/config.go:31.28,37.4 1 0
github.com/y3owk1n/neru/internal/cli/config.go:39.3,39.27 1 0
github.com/y3owk1n/neru/internal/cli/config.go:39.27,40.30 1 0
github.com/y3owk1n/neru/internal/cli/config.go:40.30,47.5 1 0
github.com/y3owk1n/neru/internal/cli/config.go:49.4,49.66 1 0
github.com/y3owk1n/neru/internal/cli/config.go:53.3,54.32 2 0
github.com/y3owk1n/neru/internal/cli/config.go:54.32,62.4 2 0
github.com/y3owk1n/neru/internal/cli/config.go:64.3,66.13 2 0
github.com/y3owk1n/neru/internal/cli/config.go:74.52,76.3 1 0
github.com/y3owk1n/neru/internal/cli/config.go:77.49,81.3 2 0
github.com/y3owk1n/neru/internal/cli/config.go:84.13,88.2 3 1
github.com/y3owk1n/neru/internal/cli/doctor.go:15.51,16.29 1 0
github.com/y3owk1n/neru/internal/cli/doctor.go:16.29,20.4 2 0
github.com/y3owk1n/neru/internal/cli/doctor.go:22.3,24.28 3 0
github.com/y3owk1n/neru/internal/cli/doctor.go:24.28,26.4 1 0
github.com/y3owk1n/neru/internal/cli/doctor.go:28.3,28.26 1 0
github.com/y3owk1n/neru/internal/cli/doctor.go:28.26,32.4 2 0
github.com/y3owk1n/neru/internal/cli/doctor.go:35.3,36.30 2 0
github.com/y3owk1n/neru/internal/cli/doctor.go:36.30,38.33 2 0
github.com/y3owk1n/neru/internal/cli/doctor.go:38.33,44.5 1 0
github.com/y3owk1n/neru/internal/cli/doctor.go:45.4,46.33 2 0
github.com/y3owk1n/neru/internal/cli/doctor.go:46.33,52.5 1 0
github.com/y3owk1n/neru/internal/cli/doctor.go:55.3,56.32 2 0
github.com/y3owk1n/neru/internal/cli/doctor.go:56.32,58.19 2 0
github.com/y3owk1n/neru/internal/cli/doctor.go:58.19,60.5 1 0
github.com/y3owk1n/neru/internal/cli/doctor.go:61.4,61.22 1 0
github.com/y3owk1n/neru/internal/cli/doctor.go:61.22,63.5 1 0
github.com/y3owk1n/neru/internal/cli/doctor.go:63.10,65.5 1 0
github.com/y3owk1n/neru/internal/cli/doctor.go:68.3,68.13 1 0
github.com/y3owk1n/neru/internal/cli/doctor.go:72.13,74.2 1 1
github.com/y3owk1n/neru/internal/cli/grid.go:16.52,18.3 1 0
github.com/y3owk1n/neru/internal/cli/grid.go:19.51,23.19 3 0
github.com/y3owk1n/neru/internal/cli/grid.go:23.19,25.60 1 0
github.com/y3owk1n/neru/internal/cli/grid.go:25.60,32.5 1 0
github.com/y3owk1n/neru/internal/cli/grid.go:35.3,37.19 3 0
github.com/y3owk1n/neru/internal/cli/grid.go:37.19,39.4 1 0
github.com/y3owk1n/neru/internal/cli/grid.go:41.3,41.37 1 0
github.com/y3owk1n/neru/internal/cli/grid.go:45.13,54.2 2 1
github.com/y3owk1n/neru/internal/cli/hints.go:16.52,18.3 1 0
github.com/y3owk1n/neru/internal/cli/hints.go:19.51,23.19 3 0
github.com/y3owk1n/neru/internal/cli/hints.go:23.19,25.60 1 0
github.com/y3owk1n/neru/internal/cli/hints.go:25.60,32.5 1 0
github.com/y3owk1n/neru/internal/cli/hints.go:35.3,37.19 3 0
github.com/y3owk1n/neru/internal/cli/hints.go:37.19,39.4 1 0
github.com/y3owk1n/neru/internal/cli/hints.go:41.3,41.38 1 0
github.com/y3owk1n/neru/internal/cli/hints.go:45.13,54.2 2 1
github.com/y3owk1n/neru/internal/cli/idle.go:12.52,14.3 1 0
github.com/y3owk1n/neru/internal/cli/idle.go:15.52,19.3 2 0
github.com/y3owk1n/neru/internal/cli/idle.go:22.13,24.2 1 1
github.com/y3owk1n/neru/internal/cli/launch.go:13.42,16.3 2 0
github.com/y3owk1n/neru/internal/cli/launch.go:19.13,23.2 2 1
github.com/y3owk1n/neru/internal/cli/metrics.go:17.51,18.29 1 0
github.com/y3owk1n/neru/internal/cli/metrics.go:18.29,22.4 2 0
github.com/y3owk1n/neru/internal/cli/metrics.go:24.3,26.28 3 0
github.com/y3owk1n/neru/internal/cli/metrics.go:26.28,28.4 1 0
github.com/y3owk1n/neru/internal/cli/metrics.go:30.3,30.27 1 0
github.com/y3owk1n/neru/internal/cli/metrics.go:30.27,32.4 1 0
github.com/y3owk1n/neru/internal/cli/metrics.go:34.3,34.30 1 0
github.com/y3owk1n/neru/internal/cli/metrics.go:34.30,38.4 2 0
github.com/y3owk1n/neru/internal/cli/metrics.go:41.3,42.32 2 0
github.com/y3owk1n/neru/internal/cli/metrics.go:42.32,48.4 1 0
github.com/y3owk1n/neru/internal/cli/metrics.go:50.3,57.32 3 0
github.com/y3owk1n/neru/internal/cli/metrics.go:57.32,63.4 1 0
github.com/y3owk1n/neru/internal/cli/metrics.go:65.3,65.24 1 0
github.com/y3owk1n/neru/internal/cli/metrics.go:65.24,69.4 2 0
github.com/y3owk1n/neru/internal/cli/metrics.go:72.3,72.43 1 0
github.com/y3owk1n/neru/internal/cli/metrics.go:72.43,74.4 1 0
github.com/y3owk1n/neru/internal/cli/metrics.go:76.3,79.34 3 0
github.com/y3owk1n/neru/internal/cli/metrics.go:79.34,80.23 1 0
github.com/y3owk1n/neru/internal/cli/metrics.go:81.11,82.61 1 0
github.com/y3owk1n/neru/internal/cli/metrics.go:83.11,84.58 1 0
github.com/y3owk1n/neru/internal/cli/metrics.go:85.12,86.59 1 0
github.com/y3owk1n/neru/internal/cli/metrics.go:90.3,92.13 2 0
github.com/y3owk1n/neru/internal/cli/metrics.go:96.13,98.2 1 1
github.com/y3owk1n/neru/internal/cli/profile.go:11.51,23.3 10 0
github.com/y3owk1n/neru/internal/cli/profile.go:26.13,28.2 1 1
github.com/y3owk1n/neru/internal/cli/root.go:41.54,42.49 1 0
github.com/y3owk1n/neru/internal/cli/root.go:42.49,47.4 3 0
github.com/y3owk1n/neru/internal/cli/root.go:49.3,49.20 1 0
github.com/y3owk1n/neru/internal/cli/root.go:54.16,56.23 2 0
github.com/y3owk1n/neru/internal/cli/root.go:56.23,59.3 2 0
github.com/y3owk1n/neru/internal/cli/root.go:62.13,75.2 3 1
github.com/y3owk1n/neru/internal/cli/root.go:78.36,80.24 2 0
github.com/y3owk1n/neru/internal/cli/root.go:80.24,82.3 1 0
github.com/y3owk1n/neru/internal/cli/root.go:85.2,86.24 2 0
github.com/y3owk1n/neru/internal/cli/root.go:86.24,88.3 1 0
github.com/y3owk1n/neru/internal/cli/root.go:90.2,90.58 1 0
github.com/y3owk1n/neru/internal/cli/root.go:93.36,96.27 2 0
github.com/y3owk1n/neru/internal/cli/root.go:96.27,99.3 2 0
github.com/y3owk1n/neru/internal/cli/root.go:101.2,101.23 1 0
github.com/y3owk1n/neru/internal/cli/root.go:101.23,104.3 2 0
github.com/y3owk1n/neru/internal/cli/root.go:104.8,108.3 3 0
github.com/y3owk1n/neru/internal/cli/root.go:112.73,117.28 2 0
github.com/y3owk1n/neru/internal/cli/root.go:117.28,124.3 2 0
github.com/y3owk1n/neru/internal/cli/root.go:126.2,132.27 3 0
github.com/y3owk1n/neru/internal/cli/root.go:132.27,142.3 2 0
github.com/y3owk1n/neru/internal/cli/root.go:144.2,144.25 1 0
github.com/y3owk1n/neru/internal/cli/root.go:148.71,149.26 1 0
github.com/y3owk1n/neru/internal/cli/root.go:149.26,155.29 2 0
github.com/y3owk1n/neru/internal/cli/root.go:155.29,162.4 1 0
github.com/y3owk1n/neru/internal/cli/root.go:164.3,164.65 1 0
github.com/y3owk1n/neru/internal/cli/root.go:167.2,173.12 3 0
github.com/y3owk1n/neru/internal/cli/root.go:177.54,179.16 2 0
github.com/y3owk1n/neru/internal/cli/root.go:179.16,181.3 1 0
github.com/y3owk1n/neru/internal/cli/root.go:183.2,183.47 1 0
github.com/y3owk1n/neru/internal/cli/root.go:186.38,189.28 2 0
github.com/y3owk1n/neru/internal/cli/root.go:189.28,194.3 4 0
github.com/y3owk1n/neru/internal/cli/root.go:196.2,198.12 2 0
github.com/y3owk1n/neru/internal/cli/start.go:12.52,14.3 1 0
github.com/y3owk1n/neru/internal/cli/start.go:15.52,19.3 2 0
github.com/y3owk1n/neru/internal/cli/start.go:22.13,24.2 1 1
github.com/y3owk1n/neru/internal/cli/status.go:17.52,19.3 1 0
github.com/y3owk1n/neru/internal/cli/status.go:20.51,24.28 4 0
github.com/y3owk1n/neru/internal/cli/status.go:24.28,30.4 1 0
github.com/y3owk1n/neru/internal/cli/status.go:32.3,32.27 1 0
github.com/y3owk1n/neru/internal/cli/status.go:32.27,33.30 1 0
github.com/y3owk1n/neru/internal/cli/status.go:33.30,40.5 1 0
github.com/y3owk1n/neru/internal/cli/status.go:42.4,42.66 1 0
github.com/y3owk1n/neru/internal/cli/status.go:45.3,48.32 4 0
github.com/y3owk1n/neru/internal/cli/status.go:48.32,50.42 2 0
github.com/y3owk1n/neru/internal/cli/status.go:50.42,52.27 2 0
github.com/y3owk1n/neru/internal/cli/status.go:52.27,54.6 1 0
github.com/y3owk1n/neru/internal/cli/status.go:55.5,57.50 3 0
github.com/y3owk1n/neru/internal/cli/status.go:58.10,60.58 1 0
github.com/y3owk1n/neru/internal/cli/status.go:60.58,61.51 1 0
github.com/y3owk1n/neru/internal/cli/status.go:61.51,63.18 2 0
github.com/y3owk1n/neru/internal/cli/status.go:63.18,65.8 1 0
github.com/y3owk1n/neru/internal/cli/status.go:66.7,66.41 1 0
github.com/y3owk1n/neru/internal/cli/status.go:68.6,68.47 1 0
github.com/y3owk1n/neru/internal/cli/status.go:68.47,70.7 1 0
github.com/y3owk1n/neru/internal/cli/status.go:71.6,71.55 1 0
github.com/y3owk1n/neru/internal/cli/status.go:71.55,73.7 1 0
github.com/y3owk1n/neru/internal/cli/status.go:74.11,76.28 2 0
github.com/y3owk1n/neru/internal/cli/status.go:76.28,80.7 2 0
github.com/y3owk1n/neru/internal/cli/status.go:81.6,81.35 1 0
github.com/y3owk1n/neru/internal/cli/status.go:84.9,86.26 2 0
github.com/y3owk1n/neru/internal/cli/status.go:86.26,90.5 2 0
github.com/y3owk1n/neru/internal/cli/status.go:91.4,91.33 1 0
github.com/y3owk1n/neru/internal/cli/status.go:94.3,94.13 1 0
github.com/y3owk1n/neru/internal/cli/status.go:98.13,100.2 1 1
github.com/y3owk1n/neru/internal/cli/stop.go:12.52,14.3 1 0
github.com/y3owk1n/neru/internal/cli/stop.go:15.52,19.3 2 0
github.com/y3owk1n/neru/internal/cli/stop.go:22.13,24.2 1 1
github.com/y3owk1n/neru/internal/core/domain/element/element.go:46.100,47.21 1 1
github.com/y3owk1n/neru/internal/core/domain/element/element.go:47.21,49.3 1 1
github.com/y3owk1n/neru/internal/core/domain/element/element.go:51.2,51.20 1 1
github.com/y3owk1n/neru/internal/core/domain/element/element.go:51.20,53.3 1 1
github.com/y3owk1n/neru/internal/core/domain/element/element.go:55.2,62.27 2 1
github.com/y3owk1n/neru/internal/core/domain/element/element.go:62.27,64.3 1 1
github.com/y3owk1n/neru/internal/core/domain/element/element.go:66.2,66.21 1 1
github.com/y3owk1n/neru/internal/core/domain/element/element.go:73.43,74.26 1 1
github.com/y3owk1n/neru/internal/core/domain/element/element.go:74.26,76.3 1 1
github.com/y3owk1n/neru/internal/core/domain/element/element.go:80.37,81.26 1 1
github.com/y3owk1n/neru/internal/core/domain/element/element.go:81.26,83.3 1 1
github.com/y3owk1n/neru/internal/core/domain/element/element.go:87.42,88.26 1 1
github.com/y3owk1n/neru/internal/core/domain/element/element.go:88.26,90.3 1 1
github.com/y3owk1n/neru/internal/core/domain/element/element.go:94.27,96.2 1 1
github.com/y3owk1n/neru/internal/core/domain/element/element.go:99.44,101.2 1 1
github.com/y3owk1n/neru/internal/core/domain/element/element.go:104.31,106.2 1 1
github.com/y3owk1n/neru/internal/core/domain/element/element.go:109.38,111.2 1 1
github.com/y3owk1n/neru/internal/core/domain/element/element.go:114.34,116.2 1 1
github.com/y3owk1n/neru/internal/core/domain/element/element.go:119.40,121.2 1 1
github.com/y3owk1n/neru/internal/core/domain/element/element.go:124.40,129.2 1 1
github.com/y3owk1n/neru/internal/core/domain/element/element.go:132.49,134.2 1 1
github.com/y3owk1n/neru/internal/core/domain/element/element.go:137.49,139.2 1 1
github.com/y3owk1n/neru/internal/core/domain/element/element.go:142.64,144.2 1 1
github.com/y3owk1n/neru/internal/core/domain/grid/cache.go:48.58,49.23 1 0
github.com/y3owk1n/neru/internal/core/domain/grid/cache.go:49.23,51.3 1 0
github.com/y3owk1n/neru/internal/core/domain/grid/cache.go:53.2,53.29 1 0
github.com/y3owk1n/neru/internal/core/domain/grid/cache.go:53.29,54.51 1 0
github.com/y3owk1n/neru/internal/core/domain/grid/cache.go:54.51,55.12 1 0
github.com/y3owk1n/neru/internal/core/domain/grid/cache.go:58.3,59.11 2 0
github.com/y3owk1n/neru/internal/core/domain/grid/cache.go:63.55,70.2 1 1
github.com/y3owk1n/neru/internal/core/domain/grid/cache.go:72.80,80.8 5 1
github.com/y3owk1n/neru/internal/core/domain/grid/cache.go:80.8,81.51 1 1
github.com/y3owk1n/neru/internal/core/domain/grid/cache.go:81.51,83.41 1 1
github.com/y3owk1n/neru/internal/core/domain/grid/cache.go:83.41,89.5 3 0
github.com/y3owk1n/neru/internal/core/domain/grid/cache.go:91.4,95.28 3 1
github.com/y3owk1n/neru/internal/core/domain/grid/cache.go:99.2,99.19 1 1
github.com/y3owk1n/neru/internal/core/domain/grid/cache.go:102.79,108.42 4 1
github.com/y3owk1n/neru/internal/core/domain/grid/cache.go:108.42,111.9 2 0
github.com/y3owk1n/neru/internal/core/domain/grid/cache.go:111.9,119.4 5 0
github.com/y3owk1n/neru/internal/core/domain/grid/cache.go:121.3,125.9 4 0
github.com/y3owk1n/neru/internal/core/domain/grid/cache.go:128.2,132.32 4 1
github.com/y3owk1n/neru/internal/core/domain/grid/cache.go:132.32,134.18 2 0
github.com/y3owk1n/neru/internal/core/domain/grid/cache.go:134.18,137.41 2 0
github.com/y3owk1n/neru/internal/core/domain/grid/cache.go:137.41,138.22 1 0
github.com/y3owk1n/neru/internal/core/domain/grid/cache.go:138.22,141.11 2 0
github.com/y3owk1n/neru/internal/core/domain/grid/grid.go:89.36,91.2 1 1
github.com/y3owk1n/neru/internal/core/domain/grid/grid.go:94.41,96.2 1 1
github.com/y3owk1n/neru/internal/core/domain/grid/grid.go:99.37,101.2 1 1
github.com/y3owk1n/neru/internal/core/domain/grid/grid.go:120.83,126.22 2 1
github.com/y3owk1n/neru/internal/core/domain/grid/grid.go:126.22,128.3 1 1
github.com/y3owk1n/neru/internal/core/domain/grid/grid.go:130.2,135.36 4 1
github.com/y3owk1n/neru/internal/core/domain/grid/grid.go:135.36,139.3 3 1
github.com/y3owk1n/neru/internal/core/domain/grid/grid.go:141.2,148.22 4 1
github.com/y3owk1n/neru/internal/core/domain/grid/grid.go:148.22,149.61 1 1
github.com/y3owk1n/neru/internal/core/domain/grid/grid.go:149.61,154.4 2 1
github.com/y3owk1n/neru/internal/core/domain/grid/grid.go:156.3,156.34 1 1
github.com/y3owk1n/neru/internal/core/domain/grid/grid.go:159.2,159.31 1 1
github.com/y3owk1n/neru/internal/core/domain/grid/grid.go:159.31,169.3 2 1
github.com/y3owk1n/neru/internal/core/domain/grid/grid.go:172.2,182.28 4 1
github.com/y3owk1n/neru/internal/core/domain/grid/grid.go:182.28,184.3 1 0
github.com/y3owk1n/neru/internal/core/domain/grid/grid.go:186.2,186.28 1 1
github.com/y3owk1n/neru/internal/core/domain/grid/grid.go:186.28,188.3 1 0
github.com/y3owk1n/neru/internal/core/domain/grid/grid.go:191.2,197.35 3 1
github.com/y3owk1n/neru/internal/core/domain/grid/grid.go:197.35,202.3 4 1
github.com/y3owk1n/neru/internal/core/domain/grid/grid.go:205.2,223.22 8 1
github.com/y3owk1n/neru/internal/core/domain/grid/grid.go:223.22,227.3 2 1
github.com/y3owk1n/neru/internal/core/domain/grid/grid.go:230.2,231.29 2 1
github.com/y3owk1n/neru/internal/core/domain/grid/grid.go:231.29,233.3 1 1
github.com/y3owk1n/neru/internal/core/domain/grid/grid.go:235.2,240.3 1 1
github.com/y3owk1n/neru/internal/core/domain/grid/grid.go:244.36,246.2 1 1
github.com/y3owk1n/neru/internal/core/domain/grid/grid.go:249.41,251.2 1 1
github.com/y3owk1n/neru/internal/core/domain/grid/grid.go:254.32,256.2 1 1
github.com/y3owk1n/neru/internal/core/domain/grid/grid.go:259.41,261.2 1 1
github.com/y3owk1n/neru/internal/core/domain/grid/grid.go:270.11,285.21 5 1
github.com/y3owk1n/neru/internal/core/domain/grid/grid.go:286.20,289.24 2 1
github.com/y3owk1n/neru/internal/core/domain/grid/grid.go:290.20,293.24 2 1
github.com/y3owk1n/neru/internal/core/domain/grid/grid.go:294.10,297.24 2 1
github.com/y3owk1n/neru/internal/core/domain/grid/grid.go:301.2,312.32 7 1
github.com/y3owk1n/neru/internal/core/domain/grid/grid.go:312.32,314.32 2 1
github.com/y3owk1n/neru/internal/core/domain/grid/grid.go:314.32,316.4 1 1
github.com/y3owk1n/neru/internal/core/domain/grid/grid.go:316.9,318.4 1 1
github.com/y3owk1n/neru/internal/core/domain/grid/grid.go:321.2,321.32 1 1
github.com/y3owk1n/neru/internal/core/domain/grid/grid.go:321.32,323.33 2 1
github.com/y3owk1n/neru/internal/core/domain/grid/grid.go:323.33,325.4 1 1
github.com/y3owk1n/neru/internal/core/domain/grid/grid.go:325.9,327.4 1 1
github.com/y3owk1n/neru/internal/core/domain/grid/grid.go:331.2,331.56 1 1
github.com/y3owk1n/neru/internal/core/domain/grid/grid.go:331.56,335.22 2 1
github.com/y3owk1n/neru/internal/core/domain/grid/grid.go:336.21,337.45 1 1
github.com/y3owk1n/neru/internal/core/domain/grid/grid.go:338.21,339.45 1 1
github.com/y3owk1n/neru/internal/core/domain/grid/grid.go:340.11,342.45 2 1
github.com/y3owk1n/neru/internal/core/domain/grid/grid.go:346.3,354.39 5 1
github.com/y3owk1n/neru/internal/core/domain/grid/grid.go:354.39,355.40 1 1
github.com/y3owk1n/neru/internal/core/domain/grid/grid.go:355.40,359.55 3 1
github.com/y3owk1n/neru/internal/core/domain/grid/grid.go:359.55,360.11 1 0
github.com/y3owk1n/neru/internal/core/domain/grid/grid.go:365.5,367.24 2 1
github.com/y3owk1n/neru/internal/core/domain/grid/grid.go:368.23,374.41 5 1
github.com/y3owk1n/neru/internal/core/domain/grid/grid.go:375.23,385.41 8 1
github.com/y3owk1n/neru/internal/core/domain/grid/grid.go:386.13,397.41 9 1
github.com/y3owk1n/neru/internal/core/domain/grid/grid.go:401.5,402.35 2 1
github.com/y3owk1n/neru/internal/core/domain/grid/grid.go:402.35,404.6 1 1
github.com/y3owk1n/neru/internal/core/domain/grid/grid.go:406.5,407.36 2 1
github.com/y3owk1n/neru/internal/core/domain/grid/grid.go:407.36,409.6 1 1
github.com/y3owk1n/neru/internal/core/domain/grid/grid.go:411.5,426.16 5 1
github.com/y3owk1n/neru/internal/core/domain/grid/grid.go:431.3,434.29 2 1
github.com/y3owk1n/neru/internal/core/domain/grid/grid.go:434.29,437.4 2 1
github.com/y3owk1n/neru/internal/core/domain/grid/grid.go:439.3,442.37 2 1
github.com/y3owk1n/neru/internal/core/domain/grid/grid.go:442.37,443.9 1 1
github.com/y3owk1n/neru/internal/core/domain/grid/grid.go:448.2,448.26 1 1
github.com/y3owk1n/neru/internal/core/domain/grid/grid.go:459.62,466.9 4 1
github.com/y3owk1n/neru/internal/core/domain/grid/grid.go:467.36,469.19 2 1
github.com/y3owk1n/neru/internal/core/domain/grid/grid.go:470.37,472.19 2 1
github.com/y3owk1n/neru/internal/core/domain/grid/grid.go:473.36,475.20 2 0
github.com/y3owk1n/neru/internal/core/domain/grid/grid.go:476.10,478.20 2 0
github.com/y3owk1n/neru/internal/core/domain/grid/grid.go:482.2,482.83 1 1
github.com/y3owk1n/neru/internal/core/domain/grid/grid.go:482.83,484.3 1 0
github.com/y3owk1n/neru/internal/core/domain/grid/grid.go:486.2,486.33 1 1
github.com/y3owk1n/neru/internal/core/domain/grid/grid.go:490.57,491.9 1 1
github.com/y3owk1n/neru/internal/core/domain/grid/grid.go:492.39,493.22 1 1
github.com/y3owk1n/neru/internal/core/domain/grid/grid.go:494.48,495.22 1 1
github.com/y3owk1n/neru/internal/core/domain/grid/grid.go:496.10,497.22 1 1
github.com/y3owk1n/neru/internal/core/domain/grid/grid.go:505.14,508.25 2 1
github.com/y3owk1n/neru/internal/core/domain/grid/grid.go:508.25,510.39 2 1
github.com/y3owk1n/neru/internal/core/domain/grid/grid.go:510.39,511.31 1 1
github.com/y3owk1n/neru/internal/core/domain/grid/grid.go:511.31,513.5 1 1
github.com/y3owk1n/neru/internal/core/domain/grid/grid.go:516.3,517.23 2 1
github.com/y3owk1n/neru/internal/core/domain/grid/grid.go:518.8,520.60 1 0
github.com/y3owk1n/neru/internal/core/domain/grid/grid.go:520.60,522.34 2 0
github.com/y3owk1n/neru/internal/core/domain/grid/grid.go:522.34,524.5 1 0
github.com/y3owk1n/neru/internal/core/domain/grid/grid.go:526.4,526.16 1 0
github.com/y3owk1n/neru/internal/core/domain/grid/grid.go:528.3,529.59 2 0
github.com/y3owk1n/neru/internal/core/domain/grid/grid.go:532.2,532.27 1 1
github.com/y3owk1n/neru/internal/core/domain/grid/grid.go:539.91,556.76 7 1
github.com/y3owk1n/neru/internal/core/domain/grid/grid.go:556.76,559.20 2 1
github.com/y3owk1n/neru/internal/core/domain/grid/grid.go:559.20,565.58 4 1
github.com/y3owk1n/neru/internal/core/domain/grid/grid.go:565.58,567.5 1 1
github.com/y3owk1n/neru/internal/core/domain/grid/grid.go:569.4,569.78 1 1
github.com/y3owk1n/neru/internal/core/domain/grid/grid.go:569.78,571.61 2 1
github.com/y3owk1n/neru/internal/core/domain/grid/grid.go:571.61,572.14 1 1
github.com/y3owk1n/neru/internal/core/domain/grid/grid.go:576.5,579.23 3 1
github.com/y3owk1n/neru/internal/core/domain/grid/grid.go:579.23,581.6 1 1
github.com/y3owk1n/neru/internal/core/domain/grid/grid.go:584.5,598.52 6 1
github.com/y3owk1n/neru/internal/core/domain/grid/grid.go:601.4,605.18 3 1
github.com/y3owk1n/neru/internal/core/domain/grid/grid.go:609.2,611.19 2 1
github.com/y3owk1n/neru/internal/core/domain/grid/grid.go:615.35,617.2 1 1
github.com/y3owk1n/neru/internal/core/domain/grid/grid.go:620.58,623.20 2 1
github.com/y3owk1n/neru/internal/core/domain/grid/grid.go:623.20,624.42 1 1
github.com/y3owk1n/neru/internal/core/domain/grid/grid.go:624.42,626.4 1 1
github.com/y3owk1n/neru/internal/core/domain/grid/grid.go:629.2,629.31 1 1
github.com/y3owk1n/neru/internal/core/domain/grid/grid.go:629.31,630.38 1 1
github.com/y3owk1n/neru/internal/core/domain/grid/grid.go:630.38,632.4 1 0
github.com/y3owk1n/neru/internal/core/domain/grid/grid.go:635.2,635.12 1 1
github.com/y3owk1n/neru/internal/core/domain/grid/grid.go:639.57,643.36 2 1
github.com/y3owk1n/neru/internal/core/domain/grid/grid.go:643.36,645.3 1 1
github.com/y3owk1n/neru/internal/core/domain/grid/grid.go:647.2,647.27 1 1
github.com/y3owk1n/neru/internal/core/domain/grid/grid.go:650.28,651.11 1 1
github.com/y3owk1n/neru/internal/core/domain/grid/grid.go:651.11,653.3 1 1
github.com/y3owk1n/neru/internal/core/domain/grid/grid.go:655.2,655.10 1 0
github.com/y3owk1n/neru/internal/core/domain/grid/grid.go:658.28,659.11 1 1
github.com/y3owk1n/neru/internal/core/domain/grid/grid.go:659.11,661.3 1 1
github.com/y3owk1n/neru/internal/core/domain/grid/grid.go:663.2,663.10 1 1
github.com/y3owk1n/neru/internal/core/domain/grid/manager.go:36.12,39.42 2 1
github.com/y3owk1n/neru/internal/core/domain/grid/manager.go:39.42,41.3 1 1
github.com/y3owk1n/neru/internal/core/domain/grid/manager.go:43.2,52.3 1 1
github.com/y3owk1n/neru/internal/core/domain/grid/manager.go:59.63,63.21 2 1
github.com/y3owk1n/neru/internal/core/domain/grid/manager.go:63.21,65.3 1 0
github.com/y3owk1n/neru/internal/core/domain/grid/manager.go:68.2,68.60 1 1
github.com/y3owk1n/neru/internal/core/domain/grid/manager.go:68.60,70.3 1 0
github.com/y3owk1n/neru/internal/core/domain/grid/manager.go:73.2,73.59 1 1
github.com/y3owk1n/neru/internal/core/domain/grid/manager.go:73.59,75.3 1 1
github.com/y3owk1n/neru/internal/core/domain/grid/manager.go:78.2,81.42 2 1
github.com/y3owk1n/neru/internal/core/domain/grid/manager.go:81.42,83.3 1 1
github.com/y3owk1n/neru/internal/core/domain/grid/manager.go:86.2,86.26 1 1
github.com/y3owk1n/neru/internal/core/domain/grid/manager.go:86.26,90.3 2 0
github.com/y3owk1n/neru/internal/core/domain/grid/manager.go:93.2,93.35 1 1
github.com/y3owk1n/neru/internal/core/domain/grid/manager.go:93.35,95.3 1 0
github.com/y3owk1n/neru/internal/core/domain/grid/manager.go:97.2,100.58 2 1
github.com/y3owk1n/neru/internal/core/domain/grid/manager.go:100.58,102.3 1 1
github.com/y3owk1n/neru/internal/core/domain/grid/manager.go:105.2,105.23 1 1
github.com/y3owk1n/neru/internal/core/domain/grid/manager.go:105.23,107.3 1 1
github.com/y3owk1n/neru/internal/core/domain/grid/manager.go:109.2,109.29 1 1
github.com/y3owk1n/neru/internal/core/domain/grid/manager.go:113.41,115.2 1 1
github.com/y3owk1n/neru/internal/core/domain/grid/manager.go:118.39,120.2 1 0
github.com/y3owk1n/neru/internal/core/domain/grid/manager.go:123.27,129.23 5 1
github.com/y3owk1n/neru/internal/core/domain/grid/manager.go:129.23,131.3 1 0
github.com/y3owk1n/neru/internal/core/domain/grid/manager.go:135.32,137.2 1 0
github.com/y3owk1n/neru/internal/core/domain/grid/manager.go:140.39,143.36 2 0
github.com/y3owk1n/neru/internal/core/domain/grid/manager.go:143.36,145.3 1 0
github.com/y3owk1n/neru/internal/core/domain/grid/manager.go:149.49,151.2 1 0
github.com/y3owk1n/neru/internal/core/domain/grid/manager.go:154.66,156.19 2 1
github.com/y3owk1n/neru/internal/core/domain/grid/manager.go:156.19,158.18 2 1
github.com/y3owk1n/neru/internal/core/domain/grid/manager.go:158.18,159.20 1 1
github.com/y3owk1n/neru/internal/core/domain/grid/manager.go:159.20,168.27 6 1
github.com/y3owk1n/neru/internal/core/domain/grid/manager.go:168.27,170.6 1 1
github.com/y3owk1n/neru/internal/core/domain/grid/manager.go:173.5,173.56 1 1
github.com/y3owk1n/neru/internal/core/domain/grid/manager.go:178.2,180.29 2 0
github.com/y3owk1n/neru/internal/core/domain/grid/manager.go:184.53,185.66 1 1
github.com/y3owk1n/neru/internal/core/domain/grid/manager.go:185.66,187.3 1 0
github.com/y3owk1n/neru/internal/core/domain/grid/manager.go:189.2,192.38 3 1
github.com/y3owk1n/neru/internal/core/domain/grid/manager.go:192.38,194.57 1 1
github.com/y3owk1n/neru/internal/core/domain/grid/manager.go:194.57,197.9 2 1
github.com/y3owk1n/neru/internal/core/domain/grid/manager.go:201.2,201.20 1 1
github.com/y3owk1n/neru/internal/core/domain/grid/manager.go:207.74,210.18 2 1
github.com/y3owk1n/neru/internal/core/domain/grid/manager.go:210.18,212.3 1 0
github.com/y3owk1n/neru/internal/core/domain/grid/manager.go:214.2,214.29 1 1
github.com/y3owk1n/neru/internal/core/domain/grid/manager.go:214.29,216.3 1 0
github.com/y3owk1n/neru/internal/core/domain/grid/manager.go:219.2,229.61 8 1
github.com/y3owk1n/neru/internal/core/domain/grid/manager.go:229.61,232.3 2 1
github.com/y3owk1n/neru/internal/core/domain/grid/manager.go:234.2,234.61 1 1
github.com/y3owk1n/neru/internal/core/domain/grid/manager.go:234.61,237.3 2 1
github.com/y3owk1n/neru/internal/core/domain/grid/manager.go:240.2,254.58 10 1
github.com/y3owk1n/neru/internal/core/domain/grid/manager.go:257.57,258.29 1 0
github.com/y3owk1n/neru/internal/core/domain/grid/manager.go:258.29,261.24 2 0
github.com/y3owk1n/neru/internal/core/domain/grid/manager.go:261.24,263.4 1 0
github.com/y3owk1n/neru/internal/core/domain/grid/manager.go:265.3,265.30 1 0
github.com/y3owk1n/neru/internal/core/domain/grid/manager.go:269.2,269.17 1 0
github.com/y3owk1n/neru/internal/core/domain/grid/manager.go:269.17,273.31 3 0
github.com/y3owk1n/neru/internal/core/domain/grid/manager.go:273.31,276.4 1 0
github.com/y3owk1n/neru/internal/core/domain/grid/manager.go:276.9,279.4 1 0
github.com/y3owk1n/neru/internal/core/domain/grid/manager.go:281.3,281.24 1 0
github.com/y3owk1n/neru/internal/core/domain/grid/manager.go:281.24,283.4 1 0
github.com/y3owk1n/neru/internal/core/domain/grid/manager.go:286.2,286.29 1 0
github.com/y3owk1n/neru/internal/core/domain/grid/manager.go:289.47,292.23 2 0
github.com/y3owk1n/neru/internal/core/domain/grid/manager.go:292.23,294.3 1 0
github.com/y3owk1n/neru/internal/core/domain/grid/manager.go:297.28,299.2 1 1
github.com/y3owk1n/neru/internal/core/domain/grid/router.go:23.34,25.2 1 1
github.com/y3owk1n/neru/internal/core/domain/grid/router.go:28.48,30.2 1 1
github.com/y3owk1n/neru/internal/core/domain/grid/router.go:33.38,35.2 1 1
github.com/y3owk1n/neru/internal/core/domain/grid/router.go:38.56,43.2 1 1
github.com/y3owk1n/neru/internal/core/domain/grid/router.go:46.49,50.38 2 1
github.com/y3owk1n/neru/internal/core/domain/grid/router.go:50.38,54.3 2 1
github.com/y3owk1n/neru/internal/core/domain/grid/router.go:57.2,57.61 1 1
github.com/y3owk1n/neru/internal/core/domain/grid/router.go:57.61,63.3 3 1
github.com/y3owk1n/neru/internal/core/domain/grid/router.go:65.2,65.23 1 1
github.com/y3owk1n/neru/internal/app/app.go:30.44,31.28 1 1
github.com/y3owk1n/neru/internal/app/app.go:31.28,35.3 2 1
github.com/y3owk1n/neru/internal/app/app.go:39.41,40.28 1 1
github.com/y3owk1n/neru/internal/app/app.go:40.28,44.3 2 1
github.com/y3owk1n/neru/internal/app/app.go:48.44,49.28 1 0
github.com/y3owk1n/neru/internal/app/app.go:49.28,53.3 2 0
github.com/y3owk1n/neru/internal/app/app.go:57.55,58.28 1 1
github.com/y3owk1n/neru/internal/app/app.go:58.28,62.3 2 1
github.com/y3owk1n/neru/internal/app/app.go:66.52,67.28 1 1
github.com/y3owk1n/neru/internal/app/app.go:67.28,71.3 2 1
github.com/y3owk1n/neru/internal/app/app.go:75.63,76.28 1 1
github.com/y3owk1n/neru/internal/app/app.go:76.28,80.3 2 1
github.com/y3owk1n/neru/internal/app/app.go:84.42,85.28 1 1
github.com/y3owk1n/neru/internal/app/app.go:85.28,89.3 2 1
github.com/y3owk1n/neru/internal/app/app.go:93.60,94.28 1 0
github.com/y3owk1n/neru/internal/app/app.go:94.28,98.3 2 0
github.com/y3owk1n/neru/internal/app/app.go:155.40,159.27 2 1
github.com/y3owk1n/neru/internal/app/app.go:159.27,161.17 2 1
github.com/y3owk1n/neru/internal/app/app.go:161.17,163.4 1 0
github.com/y3owk1n/neru/internal/app/app.go:167.2,167.23 1 1
github.com/y3owk1n/neru/internal/app/app.go:167.23,169.3 1 0
github.com/y3owk1n/neru/internal/app/app.go:171.2,171.23 1 1
github.com/y3owk1n/neru/internal/app/app.go:171.23,173.17 2 1
github.com/y3owk1n/neru/internal/app/app.go:173.17,175.4 1 0
github.com/y3owk1n/neru/internal/app/app.go:177.3,177.22 1 1
github.com/y3owk1n/neru/internal/app/app.go:181.2,181.27 1 1
github.com/y3owk1n/neru/internal/app/app.go:187.44,192.31 3 1
github.com/y3owk1n/neru/internal/app/app.go:192.31,194.3 1 0
github.com/y3owk1n/neru/internal/app/app.go:197.2,198.29 2 1
github.com/y3owk1n/neru/internal/app/app.go:198.29,200.3 1 0
github.com/y3owk1n/neru/internal/app/app.go:203.2,203.27 1 1
github.com/y3owk1n/neru/internal/app/app.go:203.27,205.3 1 0
github.com/y3owk1n/neru/internal/app/app.go:208.2,208.30 1 1
github.com/y3owk1n/neru/internal/app/app.go:208.30,210.3 1 1
github.com/y3owk1n/neru/internal/app/app.go:213.2,217.25 3 1
github.com/y3owk1n/neru/internal/app/app.go:217.25,219.3 1 0
github.com/y3owk1n/neru/internal/app/app.go:219.8,221.3 1 1
github.com/y3owk1n/neru/internal/app/app.go:223.2,240.24 4 1
github.com/y3owk1n/neru/internal/app/app.go:240.24,242.3 1 0
github.com/y3owk1n/neru/internal/app/app.go:245.2,256.30 10 1
github.com/y3owk1n/neru/internal/app/app.go:256.30,258.3 1 0
github.com/y3owk1n/neru/internal/app/app.go:260.2,264.31 4 1
github.com/y3owk1n/neru/internal/app/app.go:264.31,266.3 1 0
github.com/y3owk1n/neru/internal/app/app.go:268.2,271.31 3 1
github.com/y3owk1n/neru/internal/app/app.go:271.31,273.3 1 0
github.com/y3owk1n/neru/internal/app/app.go:275.2,295.10 4 1
github.com/y3owk1n/neru/internal/app/app.go:295.10,295.51 1 0
github.com/y3owk1n/neru/internal/app/app.go:299.2,314.25 2 1
github.com/y3owk1n/neru/internal/app/app.go:314.25,317.3 2 0
github.com/y3owk1n/neru/internal/app/app.go:319.2,319.25 1 1
github.com/y3owk1n/neru/internal/app/app.go:319.25,321.3 1 0
github.com/y3owk1n/neru/internal/app/app.go:321.8,323.3 1 1
github.com/y3owk1n/neru/internal/app/app.go:326.2,326.26 1 1
github.com/y3owk1n/neru/internal/app/app.go:326.26,328.23 2 0
github.com/y3owk1n/neru/internal/app/app.go:328.23,334.4 1 0
github.com/y3owk1n/neru/internal/app/app.go:336.3,336.56 1 0
github.com/y3owk1n/neru/internal/app/app.go:339.2,339.17 1 1
github.com/y3owk1n/neru/internal/app/app.go:345.53,347.16 2 0
github.com/y3owk1n/neru/internal/app/app.go:347.16,349.3 1 0
github.com/y3owk1n/neru/internal/app/app.go:351.2,357.12 5 0
github.com/y3owk1n/neru/internal/app/app.go:361.39,363.2 1 0
github.com/y3owk1n/neru/internal/app/app.go:366.34,368.2 1 1
github.com/y3owk1n/neru/internal/app/app.go:371.32,373.2 1 1
github.com/y3owk1n/neru/internal/app/app.go:376.35,378.2 1 1
github.com/y3owk1n/neru/internal/app/app.go:381.34,383.2 1 1
github.com/y3owk1n/neru/internal/app/app.go:386.39,388.2 1 1
github.com/y3owk1n/neru/internal/app/app.go:391.36,393.2 1 0
github.com/y3owk1n/neru/internal/app/app.go:396.47,398.2 1 0
github.com/y3owk1n/neru/internal/app/app.go:401.45,403.2 1 0
github.com/y3owk1n/neru/internal/app/app.go:406.46,408.2 1 0
github.com/y3owk1n/neru/internal/app/app.go:411.38,413.2 1 0
github.com/y3owk1n/neru/internal/app/app.go:418.3,420.2 1 0
github.com/y3owk1n/neru/internal/app/app.go:423.46,423.88 1 0
github.com/y3owk1n/neru/internal/app/app.go:426.43,431.24 3 0
github.com/y3owk1n/neru/internal/app/app.go:431.24,435.3 2 0
github.com/y3owk1n/neru/internal/app/app.go:437.2,437.17 1 0
github.com/y3owk1n/neru/internal/app/app.go:441.26,441.48 1 1
github.com/y3owk1n/neru/internal/app/app.go:444.43,444.77 1 0
github.com/y3owk1n/neru/internal/app/app.go:447.47,447.83 1 0
github.com/y3owk1n/neru/internal/app/app.go:450.45,450.66 1 0
github.com/y3owk1n/neru/internal/app/app.go:453.34,453.69 1 1
github.com/y3owk1n/neru/internal/app/app.go:456.30,456.56 1 1
github.com/y3owk1n/neru/internal/app/app.go:459.29,459.54 1 1
github.com/y3owk1n/neru/internal/app/app.go:462.29,462.54 1 1
github.com/y3owk1n/neru/internal/app/app.go:465.32,465.54 1 0
github.com/y3owk1n/neru/internal/app/app.go:468.33,468.56 1 0
github.com/y3owk1n/neru/internal/app/app.go:471.42,473.2 1 0
github.com/y3owk1n/neru/internal/app/app.go:476.83,479.41 2 0
github.com/y3owk1n/neru/internal/app/app.go:479.41,494.3 3 0
github.com/y3owk1n/neru/internal/app/app.go:496.2,496.26 1 0
github.com/y3owk1n/neru/internal/app/app.go:500.40,501.42 1 0
github.com/y3owk1n/neru/internal/app/app.go:501.42,503.3 1 0
github.com/y3owk1n/neru/internal/app/app.go:505.2,505.36 1 0
github.com/y3owk1n/neru/internal/app/app.go:505.36,509.3 3 0
github.com/y3owk1n/neru/internal/app/app.go:513.66,519.39 4 0
github.com/y3owk1n/neru/internal/app/app.go:519.39,523.3 2 0
github.com/y3owk1n/neru/internal/app/app.go:527.71,535.20 6 0
github.com/y3owk1n/neru/internal/app/app.go:535.20,537.3 1 0
github.com/y3owk1n/neru/internal/app/app.go:539.2,539.37 1 0
github.com/y3owk1n/neru/internal/app/app.go:544.32,545.23 1 1
github.com/y3owk1n/neru/internal/app/app.go:545.23,547.17 2 1
github.com/y3owk1n/neru/internal/app/app.go:547.17,549.4 1 0
github.com/y3owk1n/neru/internal/app/app.go:553.33,554.23 1 1
github.com/y3owk1n/neru/internal/app/app.go:554.23,556.17 2 1
github.com/y3owk1n/neru/internal/app/app.go:556.17,558.4 1 0
github.com/y3owk1n/neru/internal/app/component_factories.go:23.39,27.27 2 1
github.com/y3owk1n/neru/internal/app/component_factories.go:27.27,29.3 1 1
github.com/y3owk1n/neru/internal/app/component_factories.go:31.2,39.27 4 1
github.com/y3owk1n/neru/internal/app/component_factories.go:39.27,45.3 1 0
github.com/y3owk1n/neru/internal/app/component_factories.go:47.2,49.23 2 1
github.com/y3owk1n/neru/internal/app/component_factories.go:53.74,55.40 2 1
github.com/y3owk1n/neru/internal/app/component_factories.go:55.40,58.3 2 0
github.com/y3owk1n/neru/internal/app/component_factories.go:60.2,60.18 1 1
github.com/y3owk1n/neru/internal/app/component_factories.go:64.90,66.16 2 1
github.com/y3owk1n/neru/internal/app/component_factories.go:66.16,68.3 1 0
github.com/y3owk1n/neru/internal/app/component_factories.go:70.2,70.16 1 1
github.com/y3owk1n/neru/internal/app/component_factories.go:70.16,73.3 2 0
github.com/y3owk1n/neru/internal/app/component_factories.go:75.2,75.13 1 1
github.com/y3owk1n/neru/internal/app/component_factories.go:83.29,87.26 2 1
github.com/y3owk1n/neru/internal/app/component_factories.go:87.26,95.3 5 1
github.com/y3owk1n/neru/internal/app/component_factories.go:97.2,111.16 6 1
github.com/y3owk1n/neru/internal/app/component_factories.go:111.16,112.27 1 0
github.com/y3owk1n/neru/internal/app/component_factories.go:112.27,114.5 1 0
github.com/y3owk1n/neru/internal/app/component_factories.go:116.4,116.70 1 0
github.com/y3owk1n/neru/internal/app/component_factories.go:118.31,120.4 1 0
github.com/y3owk1n/neru/internal/app/component_factories.go:124.2,129.18 5 1
github.com/y3owk1n/neru/internal/app/component_factories.go:137.40,143.29 2 1
github.com/y3owk1n/neru/internal/app/component_factories.go:143.29,149.3 1 0
github.com/y3owk1n/neru/internal/app/component_factories.go:151.2,154.8 1 1
github.com/y3owk1n/neru/internal/app/component_factories.go:162.40,168.29 2 1
github.com/y3owk1n/neru/internal/app/component_factories.go:168.29,174.3 1 0
github.com/y3owk1n/neru/internal/app/component_factories.go:176.2,178.8 1 1
github.com/y3owk1n/neru/internal/app/hotkeys.go:15.33,17.52 1 0
github.com/y3owk1n/neru/internal/app/hotkeys.go:17.52,21.39 3 0
github.com/y3owk1n/neru/internal/app/hotkeys.go:21.39,22.12 1 0
github.com/y3owk1n/neru/internal/app/hotkeys.go:25.3,26.58 2 0
github.com/y3owk1n/neru/internal/app/hotkeys.go:26.58,28.4 1 0
github.com/y3owk1n/neru/internal/app/hotkeys.go:30.3,30.77 1 0
github.com/y3owk1n/neru/internal/app/hotkeys.go:30.77,31.12 1 0
github.com/y3owk1n/neru/internal/app/hotkeys.go:34.3,34.75 1 0
github.com/y3owk1n/neru/internal/app/hotkeys.go:34.75,35.12 1 0
github.com/y3owk1n/neru/internal/app/hotkeys.go:38.3,49.67 5 0
github.com/y3owk1n/neru/internal/app/hotkeys.go:49.67,51.14 1 0
github.com/y3owk1n/neru/internal/app/hotkeys.go:51.14,52.18 1 0
github.com/y3owk1n/neru/internal/app/hotkeys.go:52.18,53.34 1 0
github.com/y3owk1n/neru/internal/app/hotkeys.go:53.34,59.7 1 0
github.com/y3owk1n/neru/internal/app/hotkeys.go:62.5,63.38 2 0
github.com/y3owk1n/neru/internal/app/hotkeys.go:63.38,68.6 1 0
github.com/y3owk1n/neru/internal/app/hotkeys.go:71.3,71.31 1 0
github.com/y3owk1n/neru/internal/app/hotkeys.go:71.31,79.12 2 0
github.com/y3owk1n/neru/internal/app/hotkeys.go:85.61,86.56 1 0
github.com/y3owk1n/neru/internal/app/hotkeys.go:86.56,88.3 1 0
github.com/y3owk1n/neru/internal/app/hotkeys.go:90.2,98.26 5 0
github.com/y3owk1n/neru/internal/app/hotkeys.go:98.26,100.3 1 0
github.com/y3owk1n/neru/internal/app/hotkeys.go:102.2,104.12 2 0
github.com/y3owk1n/neru/internal/app/hotkeys.go:108.61,110.21 2 0
github.com/y3owk1n/neru/internal/app/hotkeys.go:110.21,114.3 2 0
github.com/y3owk1n/neru/internal/app/hotkeys.go:116.2,128.23 6 0
github.com/y3owk1n/neru/internal/app/hotkeys.go:128.23,138.3 2 0
github.com/y3owk1n/neru/internal/app/hotkeys.go:140.2,147.12 2 0
github.com/y3owk1n/neru/internal/app/hotkeys.go:152.62,153.29 1 0
github.com/y3owk1n/neru/internal/app/hotkeys.go:153.29,154.37 1 0
github.com/y3owk1n/neru/internal/app/hotkeys.go:154.37,158.4 3 0
github.com/y3owk1n/neru/internal/app/hotkeys.go:160.3,160.9 1 0
github.com/y3owk1n/neru/internal/app/hotkeys.go:163.2,163.20 1 0
github.com/y3owk1n/neru/internal/app/hotkeys.go:163.20,170.25 4 0
github.com/y3owk1n/neru/internal/app/hotkeys.go:170.25,174.4 2 0
github.com/y3owk1n/neru/internal/app/hotkeys.go:177.2,177.38 1 0
github.com/y3owk1n/neru/internal/app/hotkeys.go:177.38,178.37 1 0
github.com/y3owk1n/neru/internal/app/hotkeys.go:178.37,183.4 3 0
github.com/y3owk1n/neru/internal/app/hotkeys.go:185.3,185.9 1 0
github.com/y3owk1n/neru/internal/app/hotkeys.go:188.2,188.37 1 0
github.com/y3owk1n/neru/internal/app/hotkeys.go:188.37,192.3 3 0
github.com/y3owk1n/neru/internal/app/initialization.go:25.67,36.26 2 1
github.com/y3owk1n/neru/internal/app/initialization.go:36.26,38.3 1 0
github.com/y3owk1n/neru/internal/app/initialization.go:40.2,43.20 3 1
github.com/y3owk1n/neru/internal/app/initialization.go:47.66,49.2 1 0
github.com/y3owk1n/neru/internal/app/initialization.go:52.76,53.43 1 1
github.com/y3owk1n/neru/internal/app/initialization.go:53.43,54.60 1 1
github.com/y3owk1n/neru/internal/app/initialization.go:54.60,66.4 5 0
github.com/y3owk1n/neru/internal/app/initialization.go:69.2,72.23 2 1
github.com/y3owk1n/neru/internal/app/initialization.go:72.23,77.3 2 1
github.com/y3owk1n/neru/internal/app/initialization.go:79.2,79.12 1 1
github.com/y3owk1n/neru/internal/app/initialization.go:83.64,88.2 3 1
github.com/y3owk1n/neru/internal/app/initialization.go:91.55,93.2 1 0
github.com/y3owk1n/neru/internal/app/initialization.go:101.48,127.2 8 1
github.com/y3owk1n/neru/internal/app/initialization.go:135.107,138.23 2 1
github.com/y3owk1n/neru/internal/app/initialization.go:138.23,144.3 1 0
github.com/y3owk1n/neru/internal/app/initialization.go:147.2,158.68 5 1
github.com/y3owk1n/neru/internal/app/initialization.go:162.80,164.50 2 1
github.com/y3owk1n/neru/internal/app/initialization.go:164.50,166.69 1 1
github.com/y3owk1n/neru/internal/app/initialization.go:166.69,173.12 2 0
github.com/y3owk1n/neru/internal/app/initialization.go:176.3,177.57 2 1
github.com/y3owk1n/neru/internal/app/initialization.go:177.57,179.4 1 1
github.com/y3owk1n/neru/internal/app/initialization.go:181.3,181.75 1 1
github.com/y3owk1n/neru/internal/app/initialization.go:181.75,182.12 1 1
github.com/y3owk1n/neru/internal/app/initialization.go:185.3,185.73 1 1
github.com/y3owk1n/neru/internal/app/initialization.go:185.73,186.12 1 1
github.com/y3owk1n/neru/internal/app/initialization.go:189.3,189.27 1 1
github.com/y3owk1n/neru/internal/app/initialization.go:192.2,192.13 1 1
github.com/y3owk1n/neru/internal/app/initialization.go:196.83,200.20 2 1
github.com/y3owk1n/neru/internal/app/initialization.go:200.20,202.3 1 0
github.com/y3owk1n/neru/internal/app/initialization.go:202.8,204.3 1 1
github.com/y3owk1n/neru/internal/app/initialization.go:206.2,210.16 3 1
github.com/y3owk1n/neru/internal/app/initialization.go:210.16,212.3 1 0
github.com/y3owk1n/neru/internal/app/initialization.go:216.34,217.66 1 1
github.com/y3owk1n/neru/internal/app/initialization.go:217.66,219.3 1 1
github.com/y3owk1n/neru/internal/app/initialization.go:221.2,221.66 1 1
github.com/y3owk1n/neru/internal/app/initialization.go:221.66,223.3 1 1
github.com/y3owk1n/neru/internal/app/initialization.go:225.2,225.64 1 1
github.com/y3owk1n/neru/internal/app/initialization.go:225.64,227.3 1 1
github.com/y3owk1n/neru/internal/app/initialization.go:229.2,230.48 1 1
github.com/y3owk1n/neru/internal/app/initialization.go:230.48,232.3 1 1
github.com/y3owk1n/neru/internal/app/ipc_controller.go:58.18,78.2 3 1
github.com/y3owk1n/neru/internal/app/ipc_controller.go:81.94,87.51 2 1
github.com/y3owk1n/neru/internal/app/ipc_controller.go:87.51,89.3 1 1
github.com/y3owk1n/neru/internal/app/ipc_controller.go:91.2,95.3 1 1
github.com/y3owk1n/neru/internal/app/ipc_controller.go:99.44,112.2 12 1
github.com/y3owk1n/neru/internal/app/ipc_controller.go:114.83,116.2 1 1
github.com/y3owk1n/neru/internal/app/ipc_controller.go:118.84,119.28 1 1
github.com/y3owk1n/neru/internal/app/ipc_controller.go:119.28,125.3 1 1
github.com/y3owk1n/neru/internal/app/ipc_controller.go:127.2,129.79 2 1
github.com/y3owk1n/neru/internal/app/ipc_controller.go:132.83,133.29 1 1
github.com/y3owk1n/neru/internal/app/ipc_controller.go:133.29,139.3 1 1
github.com/y3owk1n/neru/internal/app/ipc_controller.go:141.2,143.20 2 1
github.com/y3owk1n/neru/internal/app/ipc_controller.go:143.20,145.3 1 0
github.com/y3owk1n/neru/internal/app/ipc_controller.go:147.2,147.79 1 1
github.com/y3owk1n/neru/internal/app/ipc_controller.go:150.86,151.29 1 0
github.com/y3owk1n/neru/internal/app/ipc_controller.go:151.29,157.3 1 0
github.com/y3owk1n/neru/internal/app/ipc_controller.go:159.2,159.29 1 0
github.com/y3owk1n/neru/internal/app/ipc_controller.go:159.29,165.3 1 0
github.com/y3owk1n/neru/internal/app/ipc_controller.go:168.2,169.23 2 0
github.com/y3owk1n/neru/internal/app/ipc_controller.go:169.23,171.3 1 0
github.com/y3owk1n/neru/internal/app/ipc_controller.go:173.2,173.20 1 0
github.com/y3owk1n/neru/internal/app/ipc_controller.go:173.20,175.3 1 0
github.com/y3owk1n/neru/internal/app/ipc_controller.go:177.2,177.86 1 0
github.com/y3owk1n/neru/internal/app/ipc_controller.go:180.85,181.29 1 0
github.com/y3owk1n/neru/internal/app/ipc_controller.go:181.29,187.3 1 0
github.com/y3owk1n/neru/internal/app/ipc_controller.go:189.2,189.28 1 0
github.com/y3owk1n/neru/internal/app/ipc_controller.go:189.28,195.3 1 0
github.com/y3owk1n/neru/internal/app/ipc_controller.go:198.2,199.23 2 0
github.com/y3owk1n/neru/internal/app/ipc_controller.go:199.23,201.3 1 0
github.com/y3owk1n/neru/internal/app/ipc_controller.go:203.2,203.20 1 0
github.com/y3owk1n/neru/internal/app/ipc_controller.go:203.20,205.3 1 0
github.com/y3owk1n/neru/internal/app/ipc_controller.go:207.2,207.86 1 0
github.com/y3owk1n/neru/internal/app/ipc_controller.go:210.89,211.29 1 0
github.com/y3owk1n/neru/internal/app/ipc_controller.go:211.29,217.3 1 0
github.com/y3owk1n/neru/internal/app/ipc_controller.go:219.2,220.22 2 0
github.com/y3owk1n/neru/internal/app/ipc_controller.go:220.22,226.3 1 0
github.com/y3owk1n/neru/internal/app/ipc_controller.go:228.2,230.31 2 0
github.com/y3owk1n/neru/internal/app/ipc_controller.go:230.31,233.16 2 0
github.com/y3owk1n/neru/internal/app/ipc_controller.go:234.17,235.22 1 0
github.com/y3owk1n/neru/internal/app/ipc_controller.go:235.22,237.5 1 0
github.com/y3owk1n/neru/internal/app/ipc_controller.go:239.4,239.90 1 0
github.com/y3owk1n/neru/internal/app/ipc_controller.go:240.11,241.59 1 0
github.com/y3owk1n/neru/internal/app/ipc_controller.go:241.59,247.5 1 0
github.com/y3owk1n/neru/internal/app/ipc_controller.go:249.4,249.62 1 0
github.com/y3owk1n/neru/internal/app/ipc_controller.go:252.3,252.17 1 0
github.com/y3owk1n/neru/internal/app/ipc_controller.go:252.17,263.4 2 0
github.com/y3owk1n/neru/internal/app/ipc_controller.go:266.2,266.93 1 0
github.com/y3owk1n/neru/internal/app/ipc_controller.go:269.83,270.29 1 0
github.com/y3owk1n/neru/internal/app/ipc_controller.go:270.29,276.3 1 0
github.com/y3owk1n/neru/internal/app/ipc_controller.go:278.2,278.20 1 0
github.com/y3owk1n/neru/internal/app/ipc_controller.go:278.20,280.3 1 0
github.com/y3owk1n/neru/internal/app/ipc_controller.go:282.2,282.83 1 0
github.com/y3owk1n/neru/internal/app/ipc_controller.go:285.85,289.20 3 0
github.com/y3owk1n/neru/internal/app/ipc_controller.go:289.20,291.3 1 0
github.com/y3owk1n/neru/internal/app/ipc_controller.go:293.2,299.72 2 0
github.com/y3owk1n/neru/internal/app/ipc_controller.go:302.85,303.21 1 1
github.com/y3owk1n/neru/internal/app/ipc_controller.go:303.21,305.3 1 0
github.com/y3owk1n/neru/internal/app/ipc_controller.go:307.2,307.70 1 1
github.com/y3owk1n/neru/internal/app/ipc_controller.go:310.91,311.29 1 0
github.com/y3owk1n/neru/internal/app/ipc_controller.go:311.29,317.3 1 0
github.com/y3owk1n/neru/internal/app/ipc_controller.go:319.2,320.22 2 0
github.com/y3owk1n/neru/internal/app/ipc_controller.go:320.22,322.3 1 0
github.com/y3owk1n/neru/internal/app/ipc_controller.go:324.2,325.28 2 0
github.com/y3owk1n/neru/internal/app/ipc_controller.go:325.28,331.3 1 0
github.com/y3owk1n/neru/internal/app/ipc_controller.go:333.2,337.3 1 0
github.com/y3owk1n/neru/internal/app/ipc_controller.go:340.87,347.43 4 0
github.com/y3owk1n/neru/internal/app/ipc_controller.go:347.43,348.17 1 0
github.com/y3owk1n/neru/internal/app/ipc_controller.go:348.17,351.4 2 0
github.com/y3owk1n/neru/internal/app/ipc_controller.go:351.9,353.4 1 0
github.com/y3owk1n/neru/internal/app/ipc_controller.go:358.2,358.21 1 0
github.com/y3owk1n/neru/internal/app/ipc_controller.go:358.21,361.3 2 0
github.com/y3owk1n/neru/internal/app/ipc_controller.go:361.8,363.3 1 0
github.com/y3owk1n/neru/internal/app/ipc_controller.go:365.2,365.17 1 0
github.com/y3owk1n/neru/internal/app/ipc_controller.go:365.17,372.3 1 0
github.com/y3owk1n/neru/internal/app/ipc_controller.go:374.2,379.3 1 0
github.com/y3owk1n/neru/internal/app/ipc_controller.go:382.86,383.22 1 1
github.com/y3owk1n/neru/internal/app/ipc_controller.go:383.22,389.3 1 0
github.com/y3owk1n/neru/internal/app/ipc_controller.go:391.2,397.3 2 1
github.com/y3owk1n/neru/internal/app/ipc_controller.go:401.52,403.2 1 0
github.com/y3owk1n/neru/internal/app/lifecycle.go:34.27,38.16 3 0
github.com/y3owk1n/neru/internal/app/lifecycle.go:38.16,42.3 2 0
github.com/y3owk1n/neru/internal/app/lifecycle.go:44.2,56.28 8 0
github.com/y3owk1n/neru/internal/app/lifecycle.go:56.28,60.13 3 0
github.com/y3owk1n/neru/internal/app/lifecycle.go:60.13,64.8 3 0
github.com/y3owk1n/neru/internal/app/lifecycle.go:64.8,65.12 1 0
github.com/y3owk1n/neru/internal/app/lifecycle.go:66.21,68.18 2 0
github.com/y3owk1n/neru/internal/app/lifecycle.go:69.23,70.12 1 0
github.com/y3owk1n/neru/internal/app/lifecycle.go:76.2,78.28 2 0
github.com/y3owk1n/neru/internal/app/lifecycle.go:82.42,83.51 1 0
github.com/y3owk1n/neru/internal/app/lifecycle.go:83.51,85.3 1 0
github.com/y3owk1n/neru/internal/app/lifecycle.go:88.2,88.48 1 0
github.com/y3owk1n/neru/internal/app/lifecycle.go:88.48,90.3 1 0
github.com/y3owk1n/neru/internal/app/lifecycle.go:94.46,95.41 1 0
github.com/y3owk1n/neru/internal/app/lifecycle.go:95.41,97.3 1 0
github.com/y3owk1n/neru/internal/app/lifecycle.go:99.2,101.15 2 0
github.com/y3owk1n/neru/internal/app/lifecycle.go:101.15,101.62 1 0
github.com/y3owk1n/neru/internal/app/lifecycle.go:103.2,105.29 2 0
github.com/y3owk1n/neru/internal/app/lifecycle.go:105.29,107.3 1 0
github.com/y3owk1n/neru/internal/app/lifecycle.go:110.2,111.48 1 0
github.com/y3owk1n/neru/internal/app/lifecycle.go:111.48,113.50 1 0
github.com/y3owk1n/neru/internal/app/lifecycle.go:113.50,115.4 1 0
github.com/y3owk1n/neru/internal/app/lifecycle.go:115.9,118.31 1 0
github.com/y3owk1n/neru/internal/app/lifecycle.go:118.31,120.5 1 0
github.com/y3owk1n/neru/internal/app/lifecycle.go:125.4,129.43 4 0
github.com/y3owk1n/neru/internal/app/lifecycle.go:129.43,131.5 1 0
github.com/y3owk1n/neru/internal/app/lifecycle.go:134.4,139.38 4 0
github.com/y3owk1n/neru/internal/app/lifecycle.go:139.38,141.5 1 0
github.com/y3owk1n/neru/internal/app/lifecycle.go:144.4,145.26 2 0
github.com/y3owk1n/neru/internal/app/lifecycle.go:145.26,149.5 2 0
github.com/y3owk1n/neru/internal/app/lifecycle.go:152.4,154.79 2 0
github.com/y3owk1n/neru/internal/app/lifecycle.go:159.2,159.63 1 0
github.com/y3owk1n/neru/internal/app/lifecycle.go:159.63,161.51 1 0
github.com/y3owk1n/neru/internal/app/lifecycle.go:161.51,163.4 1 0
github.com/y3owk1n/neru/internal/app/lifecycle.go:163.9,165.31 1 0
github.com/y3owk1n/neru/internal/app/lifecycle.go:165.31,167.5 1 0
github.com/y3owk1n/neru/internal/app/lifecycle.go:171.4,175.27 3 0
github.com/y3owk1n/neru/internal/app/lifecycle.go:175.27,179.5 2 0
github.com/y3owk1n/neru/internal/app/lifecycle.go:182.4,182.28 1 0
github.com/y3owk1n/neru/internal/app/lifecycle.go:182.28,185.5 2 0
github.com/y3owk1n/neru/internal/app/lifecycle.go:187.4,187.79 1 0
github.com/y3owk1n/neru/internal/app/lifecycle.go:192.2,192.78 1 0
github.com/y3owk1n/neru/internal/app/lifecycle.go:192.78,194.30 1 0
github.com/y3owk1n/neru/internal/app/lifecycle.go:194.30,196.4 1 0
github.com/y3owk1n/neru/internal/app/lifecycle.go:199.3,202.34 3 0
github.com/y3owk1n/neru/internal/app/lifecycle.go:202.34,209.4 2 0
github.com/y3owk1n/neru/internal/app/lifecycle.go:211.3,211.80 1 0
github.com/y3owk1n/neru/internal/app/lifecycle.go:215.2,215.29 1 0
github.com/y3owk1n/neru/internal/app/lifecycle.go:215.29,217.3 1 0
github.com/y3owk1n/neru/internal/app/lifecycle.go:221.52,222.49 1 0
github.com/y3owk1n/neru/internal/app/lifecycle.go:222.49,224.3 1 0
github.com/y3owk1n/neru/internal/app/lifecycle.go:224.8,227.3 1 0
github.com/y3owk1n/neru/internal/app/lifecycle.go:229.2,229.28 1 0
github.com/y3owk1n/neru/internal/app/lifecycle.go:229.28,230.48 1 0
github.com/y3owk1n/neru/internal/app/lifecycle.go:230.48,232.4 1 0
github.com/y3owk1n/neru/internal/app/lifecycle.go:237.62,240.86 2 0
github.com/y3owk1n/neru/internal/app/lifecycle.go:240.86,242.3 1 0
github.com/y3owk1n/neru/internal/app/lifecycle.go:244.2,244.86 1 0
github.com/y3owk1n/neru/internal/app/lifecycle.go:244.86,246.3 1 0
github.com/y3owk1n/neru/internal/app/lifecycle.go:248.2,248.84 1 0
github.com/y3owk1n/neru/internal/app/lifecycle.go:248.84,250.3 1 0
github.com/y3owk1n/neru/internal/app/lifecycle.go:254.34,257.52 2 0
github.com/y3owk1n/neru/internal/app/lifecycle.go:257.52,259.57 2 0
github.com/y3owk1n/neru/internal/app/lifecycle.go:259.57,261.4 1 0
github.com/y3owk1n/neru/internal/app/lifecycle.go:263.3,263.77 1 0
github.com/y3owk1n/neru/internal/app/lifecycle.go:263.77,264.12 1 0
github.com/y3owk1n/neru/internal/app/lifecycle.go:267.3,267.75 1 0
github.com/y3owk1n/neru/internal/app/lifecycle.go:267.75,268.12 1 0
github.com/y3owk1n/neru/internal/app/lifecycle.go:271.3,272.39 2 0
github.com/y3owk1n/neru/internal/app/lifecycle.go:272.39,274.41 2 0
github.com/y3owk1n/neru/internal/app/lifecycle.go:274.41,276.5 1 0
github.com/y3owk1n/neru/internal/app/lifecycle.go:279.3,279.54 1 0
github.com/y3owk1n/neru/internal/app/lifecycle.go:284.39,294.12 7 0
github.com/y3owk1n/neru/internal/app/lifecycle.go:294.12,297.3 2 0
github.com/y3owk1n/neru/internal/app/lifecycle.go:300.2,302.9 2 0
github.com/y3owk1n/neru/internal/app/lifecycle.go:303.14,307.13 3 0
github.com/y3owk1n/neru/internal/app/lifecycle.go:308.17,312.13 4 0
github.com/y3owk1n/neru/internal/app/lifecycle.go:313.17,316.13 3 0
github.com/y3owk1n/neru/internal/app/lifecycle.go:319.2,319.12 1 0
github.com/y3owk1n/neru/internal/app/lifecycle.go:323.25,327.23 2 1
github.com/y3owk1n/neru/internal/app/lifecycle.go:327.23,329.3 1 0
github.com/y3owk1n/neru/internal/app/lifecycle.go:331.2,334.24 2 1
github.com/y3owk1n/neru/internal/app/lifecycle.go:334.24,336.27 2 1
github.com/y3owk1n/neru/internal/app/lifecycle.go:336.27,338.4 1 0
github.com/y3owk1n/neru/internal/app/lifecycle.go:341.2,341.28 1 1
github.com/y3owk1n/neru/internal/app/lifecycle.go:341.28,343.3 1 1
github.com/y3owk1n/neru/internal/app/lifecycle.go:345.2,345.29 1 1
github.com/y3owk1n/neru/internal/app/lifecycle.go:345.29,347.3 1 1
github.com/y3owk1n/neru/internal/app/lifecycle.go:349.2,349.23 1 1
github.com/y3owk1n/neru/internal/app/lifecycle.go:349.23,351.3 1 1
github.com/y3owk1n/neru/internal/app/lifecycle.go:354.2,355.26 2 1
github.com/y3owk1n/neru/internal/app/lifecycle.go:355.26,357.81 1 1
github.com/y3owk1n/neru/internal/app/lifecycle.go:357.81,359.4 1 1
github.com/y3owk1n/neru/internal/app/lifecycle.go:362.2,365.27 3 1
github.com/y3owk1n/neru/internal/app/lifecycle.go:365.27,368.3 1 1
github.com/y3owk1n/neru/cmd/neru/main.go:20.13,24.2 2 0
github.com/y3owk1n/neru/cmd/neru/main.go:27.38,30.59 1 0
github.com/y3owk1n/neru/cmd/neru/main.go:30.59,31.13 1 0
github.com/y3owk1n/neru/cmd/neru/main.go:31.13,35.29 3 0
github.com/y3owk1n/neru/cmd/neru/main.go:35.29,37.5 1 0
github.com/y3owk1n/neru/cmd/neru/main.go:41.2,44.41 2 0
github.com/y3owk1n/neru/cmd/neru/main.go:44.41,56.13 4 0
github.com/y3owk1n/neru/cmd/neru/main.go:56.13,59.4 2 0
github.com/y3owk1n/neru/cmd/neru/main.go:62.2,66.19 2 0
github.com/y3owk1n/neru/cmd/neru/main.go:66.19,69.3 2 0
github.com/y3owk1n/neru/cmd/neru/main.go:71.2,73.12 2 0
[...]
github.com/y3owk1n/neru/internal/core/infra/accessibility/infra_client.go:50.17,51.32 1 0
github.com/y3owk1n/neru/internal/core/infra/accessibility/infra_client.go:52.10,53.76 1 0
github.com/y3owk1n/neru/internal/core/infra/accessibility/infra_client.go:56.2,56.20 1 0
github.com/y3owk1n/neru/internal/core/infra/accessibility/infra_client.go:56.20,58.3 1 0
github.com/y3owk1n/neru/internal/core/infra/accessibility/infra_client.go:60.2,64.20 4 0
github.com/y3owk1n/neru/internal/core/infra/accessibility/infra_client.go:64.20,70.3 1 0
github.com/y3owk1n/neru/internal/core/infra/accessibility/infra_client.go:72.2,75.38 3 0
github.com/y3owk1n/neru/internal/core/infra/accessibility/infra_client.go:75.38,77.3 1 0
github.com/y3owk1n/neru/internal/core/infra/accessibility/infra_client.go:79.2,79.34 1 0
github.com/y3owk1n/neru/internal/core/infra/accessibility/infra_client.go:83.79,85.16 2 0
github.com/y3owk1n/neru/internal/core/infra/accessibility/infra_client.go:85.16,87.3 1 0
github.com/y3owk1n/neru/internal/core/infra/accessibility/infra_client.go:89.2,89.37 1 0
github.com/y3owk1n/neru/internal/core/infra/accessibility/infra_client.go:93.70,95.21 2 0
github.com/y3owk1n/neru/internal/core/infra/accessibility/infra_client.go:95.21,101.3 1 0
github.com/y3owk1n/neru/internal/core/infra/accessibility/infra_client.go:103.2,104.33 2 0
github.com/y3owk1n/neru/internal/core/infra/accessibility/infra_client.go:104.33,106.3 1 0
github.com/y3owk1n/neru/internal/core/infra/accessibility/infra_client.go:108.2,108.25 1 0
github.com/y3owk1n/neru/internal/core/infra/accessibility/infra_client.go:114.21,116.21 2 0
github.com/y3owk1n/neru/internal/core/infra/accessibility/infra_client.go:116.21,122.3 1 0
github.com/y3owk1n/neru/internal/core/infra/accessibility/infra_client.go:124.2,125.33 2 0
github.com/y3owk1n/neru/internal/core/infra/accessibility/infra_client.go:125.33,127.3 1 0
github.com/y3owk1n/neru/internal/core/infra/accessibility/infra_client.go:129.2,129.25 1 0
github.com/y3owk1n/neru/internal/core/infra/accessibility/infra_client.go:133.62,135.2 1 0
github.com/y3owk1n/neru/internal/core/infra/accessibility/infra_client.go:142.9,145.20 2 0
github.com/y3owk1n/neru/internal/core/infra/accessibility/infra_client.go:146.28,147.60 1 0
github.com/y3owk1n/neru/internal/core/infra/accessibility/infra_client.go:148.29,149.61 1 0
github.com/y3owk1n/neru/internal/core/infra/accessibility/infra_client.go:150.30,151.62 1 0
github.com/y3owk1n/neru/internal/core/infra/accessibility/infra_client.go:152.28,153.49 1 0
github.com/y3owk1n/neru/internal/core/infra/accessibility/infra_client.go:154.26,155.47 1 0
github.com/y3owk1n/neru/internal/core/infra/accessibility/infra_client.go:156.28,159.13 2 0
github.com/y3owk1n/neru/internal/core/infra/accessibility/infra_client.go:160.25,166.4 1 0
github.com/y3owk1n/neru/internal/core/infra/accessibility/infra_client.go:167.10,168.91 1 0
github.com/y3owk1n/neru/internal/core/infra/accessibility/infra_client.go:171.2,171.29 1 0
github.com/y3owk1n/neru/internal/core/infra/accessibility/infra_client.go:171.29,173.3 1 0
github.com/y3owk1n/neru/internal/core/infra/accessibility/infra_client.go:175.2,175.12 1 0
github.com/y3owk1n/neru/internal/core/infra/accessibility/infra_client.go:179.58,181.22 2 0
github.com/y3owk1n/neru/internal/core/infra/accessibility/infra_client.go:181.22,183.3 1 0
github.com/y3owk1n/neru/internal/core/infra/accessibility/infra_client.go:185.2,185.12 1 0
github.com/y3owk1n/neru/internal/core/infra/accessibility/infra_client.go:189.50,191.2 1 0
github.com/y3owk1n/neru/internal/core/infra/accessibility/infra_client.go:194.54,196.2 1 0
github.com/y3owk1n/neru/internal/core/infra/accessibility/infra_client.go:199.49,201.2 1 0
github.com/y3owk1n/neru/internal/core/infra/accessibility/infra_client.go:204.59,206.2 1 0
github.com/y3owk1n/neru/internal/core/infra/accessibility/infra_client.go:209.51,211.2 1 0
github.com/y3owk1n/neru/internal/core/infra/accessibility/infra_client.go:214.55,216.2 1 0
github.com/y3owk1n/neru/internal/core/infra/accessibility/infra_client.go:226.33,227.22 1 0
github.com/y3owk1n/neru/internal/core/infra/accessibility/infra_client.go:227.22,229.3 1 0
github.com/y3owk1n/neru/internal/core/infra/accessibility/infra_client.go:238.30,239.22 1 0
github.com/y3owk1n/neru/internal/core/infra/accessibility/infra_client.go:239.22,241.3 1 0
github.com/y3owk1n/neru/internal/core/infra/accessibility/infra_client.go:245.46,246.22 1 0
github.com/y3owk1n/neru/internal/core/infra/accessibility/infra_client.go:246.22,248.3 1 0
github.com/y3owk1n/neru/internal/core/infra/accessibility/infra_client.go:250.2,250.11 1 0
github.com/y3owk1n/neru/internal/core/infra/accessibility/infra_client.go:254.47,255.22 1 0
github.com/y3owk1n/neru/internal/core/infra/accessibility/infra_client.go:255.22,257.3 1 0
github.com/y3owk1n/neru/internal/core/infra/accessibility/infra_client.go:259.2,260.20 2 0
github.com/y3owk1n/neru/internal/core/infra/accessibility/infra_client.go:260.20,262.3 1 0
github.com/y3owk1n/neru/internal/core/infra/accessibility/infra_client.go:264.2,267.8 1 0
github.com/y3owk1n/neru/internal/core/infra/accessibility/infra_client.go:276.33,277.19 1 0
github.com/y3owk1n/neru/internal/core/infra/accessibility/infra_client.go:277.19,279.3 1 0
github.com/y3owk1n/neru/internal/core/infra/accessibility/infra_client.go:281.2,281.47 1 0
github.com/y3owk1n/neru/internal/core/infra/accessibility/infra_client.go:285.46,286.43 1 0
github.com/y3owk1n/neru/internal/core/infra/accessibility/infra_client.go:286.43,288.3 1 0
github.com/y3owk1n/neru/internal/core/infra/accessibility/infra_client.go:290.2,299.3 4 0
github.com/y3owk1n/neru/internal/core/infra/accessibility/infra_client.go:303.35,304.43 1 0
github.com/y3owk1n/neru/internal/core/infra/accessibility/infra_client.go:304.43,306.3 1 0
github.com/y3owk1n/neru/internal/core/infra/accessibility/infra_client.go:308.2,308.29 1 0
github.com/y3owk1n/neru/internal/core/infra/accessibility/infra_client.go:312.36,313.43 1 0
github.com/y3owk1n/neru/internal/core/infra/accessibility/infra_client.go:313.43,315.3 1 0
github.com/y3owk1n/neru/internal/core/infra/accessibility/infra_client.go:317.2,317.30 1 0
github.com/y3owk1n/neru/internal/core/infra/accessibility/infra_client.go:321.42,322.43 1 0
github.com/y3owk1n/neru/internal/core/infra/accessibility/infra_client.go:322.43,324.3 1 0
github.com/y3owk1n/neru/internal/core/infra/accessibility/infra_client.go:326.2,326.40 1 0
github.com/y3owk1n/neru/internal/core/infra/accessibility/infra_client.go:330.40,331.46 1 0
github.com/y3owk1n/neru/internal/core/infra/accessibility/infra_client.go:331.46,333.3 1 0
github.com/y3owk1n/neru/internal/core/infra/accessibility/infra_client.go:335.2,335.52 1 0
github.com/y3owk1n/neru/internal/core/infra/accessibility/metrics_decorator.go:24.21,29.2 1 0
github.com/y3owk1n/neru/internal/core/infra/accessibility/metrics_decorator.go:35.31,41.24 4 0
github.com/y3owk1n/neru/internal/core/infra/accessibility/metrics_decorator.go:41.24,47.3 1 0
github.com/y3owk1n/neru/internal/core/infra/accessibility/metrics_decorator.go:49.2,49.30 1 0
github.com/y3owk1n/neru/internal/core/infra/accessibility/metrics_decorator.go:57.9,64.2 4 0
github.com/y3owk1n/neru/internal/core/infra/accessibility/metrics_decorator.go:71.9,78.2 4 0
github.com/y3owk1n/neru/internal/core/infra/accessibility/metrics_decorator.go:81.82,88.2 4 0
github.com/y3owk1n/neru/internal/core/infra/accessibility/metrics_decorator.go:91.84,93.2 1 0
github.com/y3owk1n/neru/internal/core/infra/accessibility/metrics_decorator.go:96.85,98.2 1 0
github.com/y3owk1n/neru/internal/core/infra/accessibility/metrics_decorator.go:101.87,103.2 1 0
github.com/y3owk1n/neru/internal/core/infra/accessibility/metrics_decorator.go:106.92,108.2 1 0
github.com/y3owk1n/neru/internal/core/infra/accessibility/metrics_decorator.go:111.85,113.2 1 0
github.com/y3owk1n/neru/internal/core/infra/accessibility/metrics_decorator.go:116.72,118.2 1 0
github.com/y3owk1n/neru/internal/core/infra/accessibility/metrics_decorator.go:121.62,123.2 1 0
github.com/y3owk1n/neru/internal/core/infra/accessibility/metrics_decorator.go:125.73,128.2 2 0
github.com/y3owk1n/neru/internal/core/infra/accessibility/metrics_decorator.go:130.64,131.16 1 0
github.com/y3owk1n/neru/internal/core/infra/accessibility/metrics_decorator.go:131.16,133.3 1 0
github.com/y3owk1n/neru/internal/core/infra/accessibility/mock_client.go:39.60,41.2 1 0
github.com/y3owk1n/neru/internal/core/infra/accessibility/mock_client.go:44.60,46.2 1 1
github.com/y3owk1n/neru/internal/core/infra/accessibility/mock_client.go:49.71,51.2 1 0
github.com/y3owk1n/neru/internal/core/infra/accessibility/mock_client.go:54.78,56.2 1 0
github.com/y3owk1n/neru/internal/core/infra/accessibility/mock_client.go:59.69,61.2 1 0
github.com/y3owk1n/neru/internal/core/infra/accessibility/mock_client.go:64.82,66.2 1 0
github.com/y3owk1n/neru/internal/core/infra/accessibility/mock_client.go:69.61,71.2 1 1
github.com/y3owk1n/neru/internal/core/infra/accessibility/mock_client.go:74.82,76.2 1 1
github.com/y3owk1n/neru/internal/core/infra/accessibility/mock_client.go:79.47,81.2 1 1
github.com/y3owk1n/neru/internal/core/infra/accessibility/mock_client.go:84.50,86.2 0 1
github.com/y3owk1n/neru/internal/core/infra/accessibility/mock_client.go:89.53,91.2 1 1
github.com/y3owk1n/neru/internal/core/infra/accessibility/mock_client.go:94.48,96.2 1 1
github.com/y3owk1n/neru/internal/core/infra/accessibility/mock_client.go:99.58,101.2 1 1
github.com/y3owk1n/neru/internal/core/infra/accessibility/mock_client.go:104.50,106.2 1 0
github.com/y3owk1n/neru/internal/core/infra/accessibility/mock_client.go:109.54,111.2 1 0
github.com/y3owk1n/neru/internal/core/infra/accessibility/mock_client.go:119.33,119.34 0 0
github.com/y3owk1n/neru/internal/core/infra/accessibility/mock_client.go:128.30,128.31 0 0
github.com/y3owk1n/neru/internal/core/infra/accessibility/mock_client.go:131.45,133.2 1 0
github.com/y3owk1n/neru/internal/core/infra/accessibility/mock_client.go:136.46,138.2 1 0
github.com/y3owk1n/neru/internal/core/infra/accessibility/mock_client.go:151.32,153.2 1 0
github.com/y3owk1n/neru/internal/core/infra/accessibility/mock_client.go:156.45,158.2 1 0
github.com/y3owk1n/neru/internal/core/infra/accessibility/mock_client.go:161.34,163.2 1 0
github.com/y3owk1n/neru/internal/core/infra/accessibility/mock_client.go:166.35,168.2 1 0
github.com/y3owk1n/neru/internal/core/infra/accessibility/mock_client.go:171.41,173.2 1 0
github.com/y3owk1n/neru/internal/core/infra/accessibility/mock_client.go:176.39,178.2 1 0
github.com/y3owk1n/neru/internal/core/infra/accessibility/query.go:26.54,36.2 3 0
github.com/y3owk1n/neru/internal/core/infra/accessibility/query.go:39.47,42.22 2 0
github.com/y3owk1n/neru/internal/core/infra/accessibility/query.go:42.22,44.3 1 0
github.com/y3owk1n/neru/internal/core/infra/accessibility/query.go:46.2,47.19 2 0
github.com/y3owk1n/neru/internal/core/infra/accessibility/query.go:47.19,51.3 2 0
github.com/y3owk1n/neru/internal/core/infra/accessibility/query.go:52.2,58.16 5 0
github.com/y3owk1n/neru/internal/core/infra/accessibility/query.go:58.16,62.3 2 0
github.com/y3owk1n/neru/internal/core/infra/accessibility/query.go:64.2,67.22 3 0
github.com/y3owk1n/neru/internal/core/infra/accessibility/query.go:71.54,74.22 2 0
github.com/y3owk1n/neru/internal/core/infra/accessibility/query.go:74.22,76.3 1 0
github.com/y3owk1n/neru/internal/core/infra/accessibility/query.go:78.2,79.16 2 0
github.com/y3owk1n/neru/internal/core/infra/accessibility/query.go:79.16,83.3 2 0
github.com/y3owk1n/neru/internal/core/infra/accessibility/query.go:84.2,87.20 3 0
github.com/y3owk1n/neru/internal/core/infra/accessibility/query.go:87.20,91.3 2 0
github.com/y3owk1n/neru/internal/core/infra/accessibility/query.go:92.2,98.16 5 0
github.com/y3owk1n/neru/internal/core/infra/accessibility/query.go:98.16,102.3 2 0
github.com/y3owk1n/neru/internal/core/infra/accessibility/query.go:104.2,104.17 1 0
github.com/y3owk1n/neru/internal/core/infra/accessibility/query.go:104.17,108.3 2 0
github.com/y3owk1n/neru/internal/core/infra/accessibility/query.go:110.2,113.22 3 0
github.com/y3owk1n/neru/internal/core/infra/accessibility/query.go:117.74,120.22 2 0
github.com/y3owk1n/neru/internal/core/infra/accessibility/query.go:120.22,122.3 1 0
github.com/y3owk1n/neru/internal/core/infra/accessibility/query.go:124.2,125.16 2 0
github.com/y3owk1n/neru/internal/core/infra/accessibility/query.go:125.16,129.3 2 0
github.com/y3owk1n/neru/internal/core/infra/accessibility/query.go:130.2,137.16 6 0
github.com/y3owk1n/neru/internal/core/infra/accessibility/query.go:137.16,143.3 2 0
github.com/y3owk1n/neru/internal/core/infra/accessibility/query.go:145.2,145.17 1 0
github.com/y3owk1n/neru/internal/core/infra/accessibility/query.go:145.17,149.3 2 0
github.com/y3owk1n/neru/internal/core/infra/accessibility/query.go:151.2,156.22 3 0
github.com/y3owk1n/neru/internal/core/infra/accessibility/tree.go:43.39,45.2 1 0
github.com/y3owk1n/neru/internal/core/infra/accessibility/tree.go:48.40,50.2 1 0
github.com/y3owk1n/neru/internal/core/infra/accessibility/tree.go:53.43,55.2 1 0
github.com/y3owk1n/neru/internal/core/infra/accessibility/tree.go:58.39,60.2 1 0
github.com/y3owk1n/neru/internal/core/infra/accessibility/tree.go:63.46,66.2 2 0
github.com/y3owk1n/neru/internal/core/infra/accessibility/tree.go:78.60,80.2 1 0
github.com/y3owk1n/neru/internal/core/infra/accessibility/tree.go:83.49,85.2 1 0
github.com/y3owk1n/neru/internal/core/infra/accessibility/tree.go:88.42,90.2 1 0
github.com/y3owk1n/neru/internal/core/infra/accessibility/tree.go:93.47,95.2 1 0
github.com/y3owk1n/neru/internal/core/infra/accessibility/tree.go:98.46,100.2 1 0
github.com/y3owk1n/neru/internal/core/infra/accessibility/tree.go:103.65,105.2 1 0
github.com/y3owk1n/neru/internal/core/infra/accessibility/tree.go:108.59,110.2 1 0
github.com/y3owk1n/neru/internal/core/infra/accessibility/tree.go:113.50,115.2 1 0
github.com/y3owk1n/neru/internal/core/infra/accessibility/tree.go:118.39,126.2 1 0
github.com/y3owk1n/neru/internal/core/infra/accessibility/tree.go:129.68,130.17 1 0
github.com/y3owk1n/neru/internal/core/infra/accessibility/tree.go:130.17,134.3 2 0
github.com/y3owk1n/neru/internal/core/infra/accessibility/tree.go:137.2,137.23 1 0
github.com/y3owk1n/neru/internal/core/infra/accessibility/tree.go:137.23,142.3 1 0
github.com/y3owk1n/neru/internal/core/infra/accessibility/tree.go:145.2,146.17 2 0
github.com/y3owk1n/neru/internal/core/infra/accessibility/tree.go:146.17,149.21 3 0
github.com/y3owk1n/neru/internal/core/infra/accessibility/tree.go:149.21,153.4 2 0
github.com/y3owk1n/neru/internal/core/infra/accessibility/tree.go:154.3,154.29 1 0
github.com/y3owk1n/neru/internal/core/infra/accessibility/tree.go:157.2,157.17 1 0
github.com/y3owk1n/neru/internal/core/infra/accessibility/tree.go:157.17,159.3 1 0
github.com/y3owk1n/neru/internal/core/infra/accessibility/tree.go:161.2,185.18 6 0
github.com/y3owk1n/neru/internal/core/infra/accessibility/tree.go:218.3,220.45 1 0
github.com/y3owk1n/neru/internal/core/infra/accessibility/tree.go:220.45,226.3 2 0
github.com/y3owk1n/neru/internal/core/infra/accessibility/tree.go:229.2,229.46 1 0
github.com/y3owk1n/neru/internal/core/infra/accessibility/tree.go:229.46,235.3 2 0
github.com/y3owk1n/neru/internal/core/infra/accessibility/tree.go:237.2,238.38 2 0
github.com/y3owk1n/neru/internal/core/infra/accessibility/tree.go:238.38,239.17 1 0
github.com/y3owk1n/neru/internal/core/infra/accessibility/tree.go:239.17,244.4 1 0
github.com/y3owk1n/neru/internal/core/infra/accessibility/tree.go:244.9,248.4 1 0
github.com/y3owk1n/neru/internal/core/infra/accessibility/tree.go:250.3,250.9 1 0
github.com/y3owk1n/neru/internal/core/infra/accessibility/tree.go:254.2,263.23 3 0
github.com/y3owk1n/neru/internal/core/infra/accessibility/tree.go:263.23,265.3 1 0
github.com/y3owk1n/neru/internal/core/infra/accessibility/tree.go:265.8,267.3 1 0
github.com/y3owk1n/neru/internal/core/infra/accessibility/tree.go:276.3,284.33 3 0
github.com/y3owk1n/neru/internal/core/infra/accessibility/tree.go:284.33,287.18 2 0
github.com/y3owk1n/neru/internal/core/infra/accessibility/tree.go:287.18,290.18 3 0
github.com/y3owk1n/neru/internal/core/infra/accessibility/tree.go:290.18,293.13 2 0
github.com/y3owk1n/neru/internal/core/infra/accessibility/tree.go:295.4,295.31 1 0
github.com/y3owk1n/neru/internal/core/infra/accessibility/tree.go:298.3,298.54 1 0
github.com/y3owk1n/neru/internal/core/infra/accessibility/tree.go:298.54,303.12 2 0
github.com/y3owk1n/neru/internal/core/infra/accessibility/tree.go:306.3,306.79 1 0
github.com/y3owk1n/neru/internal/core/infra/accessibility/tree.go:310.2,313.37 2 0
github.com/y3owk1n/neru/internal/core/infra/accessibility/tree.go:313.37,323.3 3 0
github.com/y3owk1n/neru/internal/core/infra/accessibility/tree.go:325.2,328.44 1 0
github.com/y3owk1n/neru/internal/core/infra/accessibility/tree.go:337.3,355.37 5 0
github.com/y3owk1n/neru/internal/core/infra/accessibility/tree.go:355.37,357.35 2 0
github.com/y3owk1n/neru/internal/core/infra/accessibility/tree.go:357.35,362.19 3 0
github.com/y3owk1n/neru/internal/core/infra/accessibility/tree.go:362.19,365.19 3 0
github.com/y3owk1n/neru/internal/core/infra/accessibility/tree.go:365.19,373.6 3 0
github.com/y3owk1n/neru/internal/core/infra/accessibility/tree.go:374.5,374.31 1 0
github.com/y3owk1n/neru/internal/core/infra/accessibility/tree.go:377.4,377.55 1 0
github.com/y3owk1n/neru/internal/core/infra/accessibility/tree.go:377.55,384.5 3 0
github.com/y3owk1n/neru/internal/core/infra/accessibility/tree.go:386.4,396.55 3 0
github.com/y3owk1n/neru/internal/core/infra/accessibility/tree.go:401.2,401.12 1 0
github.com/y3owk1n/neru/internal/core/infra/accessibility/tree.go:401.12,404.3 2 0
github.com/y3owk1n/neru/internal/core/infra/accessibility/tree.go:407.2,410.30 3 0
github.com/y3owk1n/neru/internal/core/infra/accessibility/tree.go:410.30,411.25 1 0
github.com/y3owk1n/neru/internal/core/infra/accessibility/tree.go:411.25,414.4 2 0
github.com/y3owk1n/neru/internal/core/infra/accessibility/tree.go:418.2,419.33 2 0
github.com/y3owk1n/neru/internal/core/infra/accessibility/tree.go:419.33,420.18 1 0
github.com/y3owk1n/neru/internal/core/infra/accessibility/tree.go:420.18,422.4 1 0
github.com/y3owk1n/neru/internal/core/infra/accessibility/tree.go:425.2,428.44 1 0
github.com/y3owk1n/neru/internal/core/infra/accessibility/tree.go:432.99,433.30 1 0
github.com/y3owk1n/neru/internal/core/infra/accessibility/tree.go:433.30,437.53 2 0
github.com/y3owk1n/neru/internal/core/infra/accessibility/tree.go:437.53,438.41 1 0
github.com/y3owk1n/neru/internal/core/infra/accessibility/tree.go:438.41,440.5 1 0
github.com/y3owk1n/neru/internal/core/infra/accessibility/tree.go:444.3,444.51 1 0
github.com/y3owk1n/neru/internal/core/infra/accessibility/tree.go:444.51,445.43 1 0
github.com/y3owk1n/neru/internal/core/infra/accessibility/tree.go:445.43,453.5 2 0
github.com/y3owk1n/neru/internal/core/infra/accessibility/tree.go:457.2,457.54 1 0
github.com/y3owk1n/neru/internal/core/infra/accessibility/tree.go:457.54,459.3 1 0
github.com/y3owk1n/neru/internal/core/infra/accessibility/tree.go:461.2,461.13 1 0
github.com/y3owk1n/neru/internal/core/infra/accessibility/tree.go:465.56,467.39 2 0
github.com/y3owk1n/neru/internal/core/infra/accessibility/tree.go:467.39,468.42 1 0
github.com/y3owk1n/neru/internal/core/infra/accessibility/tree.go:468.42,470.4 1 0
github.com/y3owk1n/neru/internal/core/infra/accessibility/tree.go:472.3,472.14 1 0
github.com/y3owk1n/neru/internal/core/infra/accessibility/tree.go:475.2,475.15 1 0
github.com/y3owk1n/neru/internal/core/infra/accessibility/tree.go:479.57,480.15 1 0
github.com/y3owk1n/neru/internal/core/infra/accessibility/tree.go:480.15,482.3 1 0
github.com/y3owk1n/neru/internal/core/infra/accessibility/tree.go:484.2,484.35 1 0
github.com/y3owk1n/neru/internal/core/infra/accessibility/tree.go:484.35,486.3 1 0
